Using pre-set license
Built from '2020.3/staging' branch; Version is '2020.3.0f1 (c7b5465681fb) revision 13088070'; Using compiler version '192528614'; Build Type 'Release'
OS: 'Windows 10 Home Single Language; OS build 19041.928; Version 2004; 64bit' Language: 'ru' Physical Memory: 7068 MB
BatchMode: 1, IsHumanControllingUs: 0, StartBugReporterOnCrash: 0, Is64bit: 1, IsPro: 0

 COMMAND LINE ARGUMENTS:
C:\Program Files\Unity\Hub\Editor\2020.3.0f1\Editor\Unity.exe
-adb2
-batchMode
-noUpm
-name
AssetImportWorker0
-projectPath
D:/NIR/Unity3DGame
-logFile
Logs/AssetImportWorker0.log
-srvPort
53830
Successfully changed project path to: D:/NIR/Unity3DGame
D:/NIR/Unity3DGame
Using Asset Import Pipeline V2.
Refreshing native plugins compatible for Editor in 32.64 ms, found 0 plugins.
Preloading 0 native plugins for Editor in 0.00 ms.
Initialize engine version: 2020.3.0f1 (c7b5465681fb)
[Subsystems] Discovering subsystems at path C:/Program Files/Unity/Hub/Editor/2020.3.0f1/Editor/Data/Resources/UnitySubsystems
[Subsystems] Discovering subsystems at path D:/NIR/Unity3DGame/Assets
GfxDevice: creating device client; threaded=0
Direct3D:
    Version:  Direct3D 11.0 [level 11.1]
    Renderer: Radeon RX 560X Series (ID=0x67ef)
    Vendor:   
    VRAM:     4077 MB
    Driver:   26.20.11028.1002
Initialize mono
Mono path[0] = 'C:/Program Files/Unity/Hub/Editor/2020.3.0f1/Editor/Data/Managed'
Mono path[1] = 'C:/Program Files/Unity/Hub/Editor/2020.3.0f1/Editor/Data/MonoBleedingEdge/lib/mono/unityjit'
Mono config path = 'C:/Program Files/Unity/Hub/Editor/2020.3.0f1/Editor/Data/MonoBleedingEdge/etc'
Using monoOptions --debugger-agent=transport=dt_socket,embedding=1,server=y,suspend=n,address=127.0.0.1:56464
Begin MonoManager ReloadAssembly
Registering precompiled unity dll's ...
Register platform support module: C:/Program Files/Unity/Hub/Editor/2020.3.0f1/Editor/Data/PlaybackEngines/WindowsStandaloneSupport/UnityEditor.WindowsStandalone.Extensions.dll
Registered in 0.004890 seconds.
Native extension for WindowsStandalone target not found
Refreshing native plugins compatible for Editor in 39.08 ms, found 0 plugins.
Preloading 0 native plugins for Editor in 0.00 ms.
Invoked RoslynAnalysisRunner static constructor.
RoslynAnalysisRunner will not be running.
RoslynAnalysisRunner has terminated.
Mono: successfully reloaded assembly
- Completed reload, in  3.685 seconds
Platform modules already initialized, skipping
Registering precompiled user dll's ...
Registered in 0.001003 seconds.
Begin MonoManager ReloadAssembly
Native extension for WindowsStandalone target not found
Refreshing native plugins compatible for Editor in 0.33 ms, found 0 plugins.
Preloading 0 native plugins for Editor in 0.00 ms.
Invoked RoslynAnalysisRunner static constructor.
RoslynAnalysisRunner will not be running.
RoslynAnalysisRunner has terminated.
Mono: successfully reloaded assembly
- Completed reload, in  1.530 seconds
Platform modules already initialized, skipping
========================================================================
Worker process is ready to serve import requests
Launched and connected shader compiler UnityShaderCompiler.exe after 0.09 seconds
Refreshing native plugins compatible for Editor in 0.32 ms, found 0 plugins.
Preloading 0 native plugins for Editor in 0.00 ms.
Unloading 1150 Unused Serialized files (Serialized files now loaded: 0)
System memory in use before: 72.9 MB.
System memory in use after: 72.9 MB.

Unloading 10 unused Assets to reduce memory usage. Loaded Objects now: 1612.
Total: 3.035100 ms (FindLiveObjects: 0.266600 ms CreateObjectMapping: 0.055000 ms MarkObjects: 2.538200 ms  DeleteObjects: 0.173200 ms)

========================================================================
Received Import Request.
  path: Assets/Materials/Materials/Answers/Answer2
  artifactKey: Guid(0274ce965f757bd4fa1a572fc3be1b9e) Importer(815301076,1909f56bfc062723c751e8b465ee728b)
Start importing Assets/Materials/Materials/Answers/Answer2 using Guid(0274ce965f757bd4fa1a572fc3be1b9e) Importer(815301076,1909f56bfc062723c751e8b465ee728b)  -> (artifact id: '530befb12f628366509b8ca33ad55d75') in 0.014996 seconds
  Import took 0.018569 seconds .

========================================================================
Received Import Request.
  Time since last request: 3.682817 seconds.
  path: Assets/Materials/Materials/Answers/Answer2/HES5Is5ILCk.jpg
  artifactKey: Guid(e024eb1bc2f391042a032c2092f9c506) Importer(815301076,1909f56bfc062723c751e8b465ee728b)
Start importing Assets/Materials/Materials/Answers/Answer2/HES5Is5ILCk.jpg using Guid(e024eb1bc2f391042a032c2092f9c506) Importer(815301076,1909f56bfc062723c751e8b465ee728b)  -> (artifact id: '29c4121bb20bfe766e17fa692ebe5eb5') in 0.160708 seconds
  Import took 0.164359 seconds .

========================================================================
Received Import Request.
  Time since last request: 2.897423 seconds.
  path: Assets/Materials/Materials/Answers/Answer2/n-lrZHPOq0g.jpg
  artifactKey: Guid(5b0897160964c5448ad981667185b60e) Importer(815301076,1909f56bfc062723c751e8b465ee728b)
Start importing Assets/Materials/Materials/Answers/Answer2/n-lrZHPOq0g.jpg using Guid(5b0897160964c5448ad981667185b60e) Importer(815301076,1909f56bfc062723c751e8b465ee728b)  -> (artifact id: '4e2ab661284f1de1e625a590e246a88b') in 0.023887 seconds
  Import took 0.028969 seconds .

========================================================================
Received Import Request.
  Time since last request: 1.646166 seconds.
  path: Assets/Materials/Materials/Answers/Answer2/21QZ6EE0KHk.jpg
  artifactKey: Guid(6c5b7c0d70f66a4458ba27a0c7a47107) Importer(815301076,1909f56bfc062723c751e8b465ee728b)
Start importing Assets/Materials/Materials/Answers/Answer2/21QZ6EE0KHk.jpg using Guid(6c5b7c0d70f66a4458ba27a0c7a47107) Importer(815301076,1909f56bfc062723c751e8b465ee728b)  -> (artifact id: 'a7187304ad0a2958f62e49b59b81fac3') in 0.018676 seconds
  Import took 0.022112 seconds .

========================================================================
Received Import Request.
  Time since last request: 0.006299 seconds.
  path: Assets/Materials/Materials/Answers/Answer2/21QZ6EE0KHk.jpg
  artifactKey: Guid(6c5b7c0d70f66a4458ba27a0c7a47107) Importer(815301076,1909f56bfc062723c751e8b465ee728b)
Start importing Assets/Materials/Materials/Answers/Answer2/21QZ6EE0KHk.jpg using Guid(6c5b7c0d70f66a4458ba27a0c7a47107) Importer(815301076,1909f56bfc062723c751e8b465ee728b)  -> (artifact id: 'a7187304ad0a2958f62e49b59b81fac3') in 0.013907 seconds
  Import took 0.017401 seconds .

========================================================================
Received Import Request.
  Time since last request: 1.777593 seconds.
  path: Assets/Materials/Materials/Answers/Answer2/arc4B0ylhYA.jpg
  artifactKey: Guid(07ab3b96ec475d042bdf7f521644760c) Importer(815301076,1909f56bfc062723c751e8b465ee728b)
Start importing Assets/Materials/Materials/Answers/Answer2/arc4B0ylhYA.jpg using Guid(07ab3b96ec475d042bdf7f521644760c) Importer(815301076,1909f56bfc062723c751e8b465ee728b)  -> (artifact id: '34607453e65cfce0731d2402150e548b') in 0.022858 seconds
  Import took 0.026629 seconds .

========================================================================
Received Import Request.
  Time since last request: 31.143842 seconds.
  path: Assets/Materials/Materials/Answers/Answer2/New Material.mat
  artifactKey: Guid(b0065e4ef01d8894eaeb81551e69028f) Importer(815301076,1909f56bfc062723c751e8b465ee728b)
Start importing Assets/Materials/Materials/Answers/Answer2/New Material.mat using Guid(b0065e4ef01d8894eaeb81551e69028f) Importer(815301076,1909f56bfc062723c751e8b465ee728b)  -> (artifact id: '627ed3cff27ac928ed3396030d657b7a') in 0.173793 seconds
  Import took 0.178961 seconds .

========================================================================
Received Import Request.
  Time since last request: 391.323199 seconds.
  path: Assets/Materials/Materials/Answers/Answer2/21QZ6EE0KHk.jpg
  artifactKey: Guid(6c5b7c0d70f66a4458ba27a0c7a47107) Importer(815301076,1909f56bfc062723c751e8b465ee728b)
Start importing Assets/Materials/Materials/Answers/Answer2/21QZ6EE0KHk.jpg using Guid(6c5b7c0d70f66a4458ba27a0c7a47107) Importer(815301076,1909f56bfc062723c751e8b465ee728b)  -> (artifact id: '500fa14b59d85b58262e9e28f074e3c0') in 0.024830 seconds
  Import took 0.027914 seconds .

========================================================================
Received Import Request.
  Time since last request: 15.053538 seconds.
  path: Assets/Materials/Materials/Answers/Answer2/2Answer2.mat
  artifactKey: Guid(c1a4655f2373551408e3adece58eb91b) Importer(815301076,1909f56bfc062723c751e8b465ee728b)
Start importing Assets/Materials/Materials/Answers/Answer2/2Answer2.mat using Guid(c1a4655f2373551408e3adece58eb91b) Importer(815301076,1909f56bfc062723c751e8b465ee728b)  -> (artifact id: 'b4eea0533a16f91f4e3cae6bad3c5425') in 0.023973 seconds
  Import took 0.026983 seconds .

========================================================================
Received Import Request.
  Time since last request: 8.734826 seconds.
  path: Assets/Materials/Materials/Answers/Answer2/3Answer3.mat
  artifactKey: Guid(316b7a84815b6944da1b9c15c5d77e3e) Importer(815301076,1909f56bfc062723c751e8b465ee728b)
Start importing Assets/Materials/Materials/Answers/Answer2/3Answer3.mat using Guid(316b7a84815b6944da1b9c15c5d77e3e) Importer(815301076,1909f56bfc062723c751e8b465ee728b)  -> (artifact id: 'c7e548d789b94a0eadc23972d66d7c59') in 0.032453 seconds
  Import took 0.035585 seconds .

========================================================================
Received Import Request.
  Time since last request: 16.537616 seconds.
  path: Assets/Materials/Materials/Answers/Answer2/2Question.mat
  artifactKey: Guid(d466e367b725741469b62c84502ecc1f) Importer(815301076,1909f56bfc062723c751e8b465ee728b)
Start importing Assets/Materials/Materials/Answers/Answer2/2Question.mat using Guid(d466e367b725741469b62c84502ecc1f) Importer(815301076,1909f56bfc062723c751e8b465ee728b)  -> (artifact id: 'ad74423767b862682effff4de16f6a35') in 0.020855 seconds
  Import took 0.024383 seconds .

========================================================================
Received Import Request.
  Time since last request: 17.613285 seconds.
  path: Assets/Materials/Materials/Answers/Answer2/arc4B0ylhYA.jpg
  artifactKey: Guid(07ab3b96ec475d042bdf7f521644760c) Importer(815301076,1909f56bfc062723c751e8b465ee728b)
Start importing Assets/Materials/Materials/Answers/Answer2/arc4B0ylhYA.jpg using Guid(07ab3b96ec475d042bdf7f521644760c) Importer(815301076,1909f56bfc062723c751e8b465ee728b)  -> (artifact id: '8b41eb1fa3e17be40a649fc48b31d521') in 0.021278 seconds
  Import took 0.025016 seconds .

========================================================================
Received Import Request.
  Time since last request: 6.994142 seconds.
  path: Assets/Materials/Materials/Answers/Answer2/n-lrZHPOq0g.jpg
  artifactKey: Guid(5b0897160964c5448ad981667185b60e) Importer(815301076,1909f56bfc062723c751e8b465ee728b)
Start importing Assets/Materials/Materials/Answers/Answer2/n-lrZHPOq0g.jpg using Guid(5b0897160964c5448ad981667185b60e) Importer(815301076,1909f56bfc062723c751e8b465ee728b)  -> (artifact id: '91383177cb40724d6e32beeb2fd6a6d9') in 0.018559 seconds
  Import took 0.022043 seconds .

========================================================================
Received Prepare
Registering precompiled user dll's ...
Registered in 0.001819 seconds.
Begin MonoManager ReloadAssembly
Native extension for WindowsStandalone target not found
Refreshing native plugins compatible for Editor in 0.68 ms, found 0 plugins.
Preloading 0 native plugins for Editor in 0.00 ms.
Invoked RoslynAnalysisRunner static constructor.
RoslynAnalysisRunner will not be running.
RoslynAnalysisRunner has terminated.
Mono: successfully reloaded assembly
- Completed reload, in  3.201 seconds
Platform modules already initialized, skipping
Refreshing native plugins compatible for Editor in 0.56 ms, found 0 plugins.
Preloading 0 native plugins for Editor in 0.00 ms.
Unloading 1130 Unused Serialized files (Serialized files now loaded: 0)
System memory in use before: 75.0 MB.
System memory in use after: 75.1 MB.

Unloading 5 unused Assets to reduce memory usage. Loaded Objects now: 1660.
Total: 12.373200 ms (FindLiveObjects: 0.469500 ms CreateObjectMapping: 0.229000 ms MarkObjects: 11.388400 ms  DeleteObjects: 0.282700 ms)

========================================================================
Received Import Request.
  Time since last request: 222.529394 seconds.
  path: Assets/Materials/Materials/Answers/Answer3
  artifactKey: Guid(d215bacb31c811940b0fa8a247681977) Importer(815301076,1909f56bfc062723c751e8b465ee728b)
Start importing Assets/Materials/Materials/Answers/Answer3 using Guid(d215bacb31c811940b0fa8a247681977) Importer(815301076,1909f56bfc062723c751e8b465ee728b)  -> (artifact id: '9a4f926091953859607dbe412a11ef53') in 0.016881 seconds
  Import took 0.049027 seconds .

========================================================================
Received Import Request.
  Time since last request: 86.442213 seconds.
  path: Assets/Materials/Materials/Answers/Answer3/7-9mvx1twI8.jpg
  artifactKey: Guid(2e2c180d169650e4db6cf0902fa0e051) Importer(815301076,1909f56bfc062723c751e8b465ee728b)
Start importing Assets/Materials/Materials/Answers/Answer3/7-9mvx1twI8.jpg using Guid(2e2c180d169650e4db6cf0902fa0e051) Importer(815301076,1909f56bfc062723c751e8b465ee728b)  -> (artifact id: '11e847ed68c9626b23e18e4618fa858e') in 0.069831 seconds
  Import took 0.087274 seconds .

========================================================================
Received Import Request.
  Time since last request: 1.259712 seconds.
  path: Assets/Materials/Materials/Answers/Answer3/zK1Hxw7GOUI.jpg
  artifactKey: Guid(eedc64dda86db3f4192b5aaf580ec894) Importer(815301076,1909f56bfc062723c751e8b465ee728b)
Start importing Assets/Materials/Materials/Answers/Answer3/zK1Hxw7GOUI.jpg using Guid(eedc64dda86db3f4192b5aaf580ec894) Importer(815301076,1909f56bfc062723c751e8b465ee728b)  -> (artifact id: '205ae113537699e47a76f38b4043538d') in 0.020259 seconds
  Import took 0.029171 seconds .

========================================================================
Received Import Request.
  Time since last request: 0.004379 seconds.
  path: Assets/Materials/Materials/Answers/Answer3/zK1Hxw7GOUI.jpg
  artifactKey: Guid(eedc64dda86db3f4192b5aaf580ec894) Importer(815301076,1909f56bfc062723c751e8b465ee728b)
Start importing Assets/Materials/Materials/Answers/Answer3/zK1Hxw7GOUI.jpg using Guid(eedc64dda86db3f4192b5aaf580ec894) Importer(815301076,1909f56bfc062723c751e8b465ee728b)  -> (artifact id: '205ae113537699e47a76f38b4043538d') in 0.011663 seconds
  Import took 0.014750 seconds .

========================================================================
Received Import Request.
  Time since last request: 2.024946 seconds.
  path: Assets/Materials/Materials/Answers/Answer3/jXXaHKK_cTI.jpg
  artifactKey: Guid(8eb7d615343a241438349b12439522a5) Importer(815301076,1909f56bfc062723c751e8b465ee728b)
Start importing Assets/Materials/Materials/Answers/Answer3/jXXaHKK_cTI.jpg using Guid(8eb7d615343a241438349b12439522a5) Importer(815301076,1909f56bfc062723c751e8b465ee728b)  -> (artifact id: 'b32ae384bd566ac5d12c7f71bb495eea') in 0.023231 seconds
  Import took 0.034606 seconds .

========================================================================
Received Import Request.
  Time since last request: 1.403424 seconds.
  path: Assets/Materials/Materials/Answers/Answer3/gfxFeRzGdb0.jpg
  artifactKey: Guid(aa2ae9682fb84ab47b59979f4fa05710) Importer(815301076,1909f56bfc062723c751e8b465ee728b)
Start importing Assets/Materials/Materials/Answers/Answer3/gfxFeRzGdb0.jpg using Guid(aa2ae9682fb84ab47b59979f4fa05710) Importer(815301076,1909f56bfc062723c751e8b465ee728b)  -> (artifact id: 'dc33507c324957f93c6b907d32c56185') in 0.023240 seconds
  Import took 0.026193 seconds .

========================================================================
Received Import Request.
  Time since last request: 49.039452 seconds.
  path: Assets/Materials/Materials/Answers/Answer3/New Material.mat
  artifactKey: Guid(bf3575921596db64399838f27be70d66) Importer(815301076,1909f56bfc062723c751e8b465ee728b)
Start importing Assets/Materials/Materials/Answers/Answer3/New Material.mat using Guid(bf3575921596db64399838f27be70d66) Importer(815301076,1909f56bfc062723c751e8b465ee728b)  -> (artifact id: '5b7efdfd6d900b739086a603cd3a38e8') in 0.065834 seconds
  Import took 0.070009 seconds .

========================================================================
Received Import Request.
  Time since last request: 2.906458 seconds.
  path: Assets/Materials/Materials/Answers/Answer3/New Material 1.mat
  artifactKey: Guid(8d3f9ea1ddd1a6e4b81ebeca9d30872e) Importer(815301076,1909f56bfc062723c751e8b465ee728b)
Start importing Assets/Materials/Materials/Answers/Answer3/New Material 1.mat using Guid(8d3f9ea1ddd1a6e4b81ebeca9d30872e) Importer(815301076,1909f56bfc062723c751e8b465ee728b)  -> (artifact id: '6193bdd5d62b685a3ded4e8335b855c3') in 0.021433 seconds
  Import took 0.036050 seconds .

========================================================================
Received Import Request.
  Time since last request: 5.894498 seconds.
  path: Assets/Materials/Materials/Answers/Answer3/New Material 2.mat
  artifactKey: Guid(e88e49d1b68f5074687e7b6c2d3ff0b5) Importer(815301076,1909f56bfc062723c751e8b465ee728b)
Start importing Assets/Materials/Materials/Answers/Answer3/New Material 2.mat using Guid(e88e49d1b68f5074687e7b6c2d3ff0b5) Importer(815301076,1909f56bfc062723c751e8b465ee728b)  -> (artifact id: '2b4e20983baaf689bc26e094ea1af9fe') in 0.028711 seconds
  Import took 0.035687 seconds .

========================================================================
Received Import Request.
  Time since last request: 2.696352 seconds.
  path: Assets/Materials/Materials/Answers/Answer3/New Material 3.mat
  artifactKey: Guid(a696d7f1114c780478471d2612bfabcc) Importer(815301076,1909f56bfc062723c751e8b465ee728b)
Start importing Assets/Materials/Materials/Answers/Answer3/New Material 3.mat using Guid(a696d7f1114c780478471d2612bfabcc) Importer(815301076,1909f56bfc062723c751e8b465ee728b)  -> (artifact id: 'edefdc285fac8a78936696a5e27dc969') in 0.019397 seconds
  Import took 0.061889 seconds .

========================================================================
Received Import Request.
  Time since last request: 76.130283 seconds.
  path: Assets/Materials/Materials/Answers/Answer3/7-9mvx1twI8.jpg
  artifactKey: Guid(2e2c180d169650e4db6cf0902fa0e051) Importer(815301076,1909f56bfc062723c751e8b465ee728b)
Start importing Assets/Materials/Materials/Answers/Answer3/7-9mvx1twI8.jpg using Guid(2e2c180d169650e4db6cf0902fa0e051) Importer(815301076,1909f56bfc062723c751e8b465ee728b)  -> (artifact id: '57ac5110157e2a60c9f74c1fe04cb810') in 0.023581 seconds
  Import took 0.027262 seconds .

========================================================================
Received Import Request.
  Time since last request: 6.052898 seconds.
  path: Assets/Materials/Materials/Answers/Answer3/gfxFeRzGdb0.jpg
  artifactKey: Guid(aa2ae9682fb84ab47b59979f4fa05710) Importer(815301076,1909f56bfc062723c751e8b465ee728b)
Start importing Assets/Materials/Materials/Answers/Answer3/gfxFeRzGdb0.jpg using Guid(aa2ae9682fb84ab47b59979f4fa05710) Importer(815301076,1909f56bfc062723c751e8b465ee728b)  -> (artifact id: 'c1a694ce0c36f52f714628424c0093da') in 0.020184 seconds
  Import took 0.025281 seconds .

========================================================================
Received Import Request.
  Time since last request: 3.161009 seconds.
  path: Assets/Materials/Materials/Answers/Answer3/jXXaHKK_cTI.jpg
  artifactKey: Guid(8eb7d615343a241438349b12439522a5) Importer(815301076,1909f56bfc062723c751e8b465ee728b)
Start importing Assets/Materials/Materials/Answers/Answer3/jXXaHKK_cTI.jpg using Guid(8eb7d615343a241438349b12439522a5) Importer(815301076,1909f56bfc062723c751e8b465ee728b)  -> (artifact id: '9e45e1fbc53de25649da3c05649f77c4') in 0.026475 seconds
  Import took 0.087435 seconds .

========================================================================
Received Import Request.
  Time since last request: 2.989848 seconds.
  path: Assets/Materials/Materials/Answers/Answer3/zK1Hxw7GOUI.jpg
  artifactKey: Guid(eedc64dda86db3f4192b5aaf580ec894) Importer(815301076,1909f56bfc062723c751e8b465ee728b)
Start importing Assets/Materials/Materials/Answers/Answer3/zK1Hxw7GOUI.jpg using Guid(eedc64dda86db3f4192b5aaf580ec894) Importer(815301076,1909f56bfc062723c751e8b465ee728b)  -> (artifact id: 'bb1c1c73e8d3b0f943e1d4c735d34f07') in 0.025452 seconds
  Import took 0.029104 seconds .

========================================================================
Received Prepare
Registering precompiled user dll's ...
Registered in 0.000904 seconds.
Begin MonoManager ReloadAssembly
Native extension for WindowsStandalone target not found
Refreshing native plugins compatible for Editor in 0.63 ms, found 0 plugins.
Preloading 0 native plugins for Editor in 0.00 ms.
Invoked RoslynAnalysisRunner static constructor.
RoslynAnalysisRunner will not be running.
RoslynAnalysisRunner has terminated.
Mono: successfully reloaded assembly
- Completed reload, in  1.485 seconds
Platform modules already initialized, skipping
Refreshing native plugins compatible for Editor in 0.61 ms, found 0 plugins.
Preloading 0 native plugins for Editor in 0.00 ms.
Unloading 1130 Unused Serialized files (Serialized files now loaded: 0)
System memory in use before: 75.1 MB.
System memory in use after: 75.1 MB.

Unloading 5 unused Assets to reduce memory usage. Loaded Objects now: 1665.
Total: 2.995000 ms (FindLiveObjects: 0.231100 ms CreateObjectMapping: 0.054200 ms MarkObjects: 2.605100 ms  DeleteObjects: 0.102800 ms)

========================================================================
Received Prepare
Registering precompiled user dll's ...
Registered in 0.000989 seconds.
Begin MonoManager ReloadAssembly
Native extension for WindowsStandalone target not found
Refreshing native plugins compatible for Editor in 0.40 ms, found 0 plugins.
Preloading 0 native plugins for Editor in 0.00 ms.
Invoked RoslynAnalysisRunner static constructor.
RoslynAnalysisRunner will not be running.
RoslynAnalysisRunner has terminated.
Mono: successfully reloaded assembly
- Completed reload, in  1.208 seconds
Platform modules already initialized, skipping
Refreshing native plugins compatible for Editor in 0.31 ms, found 0 plugins.
Preloading 0 native plugins for Editor in 0.00 ms.
Unloading 1130 Unused Serialized files (Serialized files now loaded: 0)
System memory in use before: 75.1 MB.
System memory in use after: 75.2 MB.

Unloading 5 unused Assets to reduce memory usage. Loaded Objects now: 1668.
Total: 2.516400 ms (FindLiveObjects: 0.285000 ms CreateObjectMapping: 0.068200 ms MarkObjects: 2.052700 ms  DeleteObjects: 0.108300 ms)

========================================================================
Received Import Request.
  Time since last request: 1525.621427 seconds.
  path: Assets/Materials/Materials/Answers/Answer4
  artifactKey: Guid(c392cc0a1ccd4d9409b44dc7bc8d36f7) Importer(815301076,1909f56bfc062723c751e8b465ee728b)
Start importing Assets/Materials/Materials/Answers/Answer4 using Guid(c392cc0a1ccd4d9409b44dc7bc8d36f7) Importer(815301076,1909f56bfc062723c751e8b465ee728b)  -> (artifact id: 'ddf8b04186baeee8777b94c8654a6301') in 0.021517 seconds
  Import took 0.029854 seconds .

========================================================================
Received Import Request.
  Time since last request: 33.416019 seconds.
  path: Assets/Materials/Materials/Answers/Answer4/IPQIXlSDFmg.jpg
  artifactKey: Guid(5b7344bad954f594aa4d905a8ffd8f07) Importer(815301076,1909f56bfc062723c751e8b465ee728b)
Start importing Assets/Materials/Materials/Answers/Answer4/IPQIXlSDFmg.jpg using Guid(5b7344bad954f594aa4d905a8ffd8f07) Importer(815301076,1909f56bfc062723c751e8b465ee728b)  -> (artifact id: 'e50d993b0b14099692e660a89a1de128') in 0.069381 seconds
  Import took 0.109571 seconds .

========================================================================
Received Import Request.
  Time since last request: 2.056481 seconds.
  path: Assets/Materials/Materials/Answers/Answer4/ozKv0OwNPEU.jpg
  artifactKey: Guid(a6de9f167e32a174faaef0e848ed260e) Importer(815301076,1909f56bfc062723c751e8b465ee728b)
Start importing Assets/Materials/Materials/Answers/Answer4/ozKv0OwNPEU.jpg using Guid(a6de9f167e32a174faaef0e848ed260e) Importer(815301076,1909f56bfc062723c751e8b465ee728b)  -> (artifact id: '33c152a1efdbacd0bfa99b12024c936c') in 0.020562 seconds
  Import took 0.028652 seconds .

========================================================================
Received Import Request.
  Time since last request: 1.671582 seconds.
  path: Assets/Materials/Materials/Answers/Answer4/9Bda7tgu9hs.jpg
  artifactKey: Guid(fb6a0997c2d11b04eb160f1cbdf2eba6) Importer(815301076,1909f56bfc062723c751e8b465ee728b)
Start importing Assets/Materials/Materials/Answers/Answer4/9Bda7tgu9hs.jpg using Guid(fb6a0997c2d11b04eb160f1cbdf2eba6) Importer(815301076,1909f56bfc062723c751e8b465ee728b)  -> (artifact id: 'a03bb20565543ee310afa768ca31ac19') in 0.020585 seconds
  Import took 0.023937 seconds .

========================================================================
Received Import Request.
  Time since last request: 0.003031 seconds.
  path: Assets/Materials/Materials/Answers/Answer4/9Bda7tgu9hs.jpg
  artifactKey: Guid(fb6a0997c2d11b04eb160f1cbdf2eba6) Importer(815301076,1909f56bfc062723c751e8b465ee728b)
Start importing Assets/Materials/Materials/Answers/Answer4/9Bda7tgu9hs.jpg using Guid(fb6a0997c2d11b04eb160f1cbdf2eba6) Importer(815301076,1909f56bfc062723c751e8b465ee728b)  -> (artifact id: 'a03bb20565543ee310afa768ca31ac19') in 0.010794 seconds
  Import took 0.014486 seconds .

========================================================================
Received Import Request.
  Time since last request: 2.781611 seconds.
  path: Assets/Materials/Materials/Answers/Answer4/GBn1lWREk9g.jpg
  artifactKey: Guid(03843af9ddecdc84ebdd85a5bdce8ddc) Importer(815301076,1909f56bfc062723c751e8b465ee728b)
Start importing Assets/Materials/Materials/Answers/Answer4/GBn1lWREk9g.jpg using Guid(03843af9ddecdc84ebdd85a5bdce8ddc) Importer(815301076,1909f56bfc062723c751e8b465ee728b)  -> (artifact id: '5bb3576c6be9d760775bb67571665920') in 0.022025 seconds
  Import took 0.099351 seconds .

========================================================================
Received Import Request.
  Time since last request: 12.140302 seconds.
  path: Assets/Materials/Materials/Answers/Answer4/New Material.mat
  artifactKey: Guid(9877ec8d9b5db2d48b8206e4f439da53) Importer(815301076,1909f56bfc062723c751e8b465ee728b)
Start importing Assets/Materials/Materials/Answers/Answer4/New Material.mat using Guid(9877ec8d9b5db2d48b8206e4f439da53) Importer(815301076,1909f56bfc062723c751e8b465ee728b)  -> (artifact id: '477cb2f0046b62230e05d38ffce50929') in 0.068544 seconds
  Import took 0.101432 seconds .

========================================================================
Received Import Request.
  Time since last request: 3.531197 seconds.
  path: Assets/Materials/Materials/Answers/Answer4/New Material 1.mat
  artifactKey: Guid(144189f4a02d567449cad65ffc2c23a3) Importer(815301076,1909f56bfc062723c751e8b465ee728b)
Start importing Assets/Materials/Materials/Answers/Answer4/New Material 1.mat using Guid(144189f4a02d567449cad65ffc2c23a3) Importer(815301076,1909f56bfc062723c751e8b465ee728b)  -> (artifact id: 'e5245e747e55797e326c5e84ac53f7b4') in 0.031898 seconds
  Import took 0.035190 seconds .

========================================================================
Received Import Request.
  Time since last request: 3.587578 seconds.
  path: Assets/Materials/Materials/Answers/Answer4/New Material 2.mat
  artifactKey: Guid(4a9a61bdbf3ee3a489b62bf25cfcb733) Importer(815301076,1909f56bfc062723c751e8b465ee728b)
Start importing Assets/Materials/Materials/Answers/Answer4/New Material 2.mat using Guid(4a9a61bdbf3ee3a489b62bf25cfcb733) Importer(815301076,1909f56bfc062723c751e8b465ee728b)  -> (artifact id: '23c33865d24482fa3fc01554493f6a18') in 0.027364 seconds
  Import took 0.041105 seconds .

========================================================================
Received Import Request.
  Time since last request: 2.295852 seconds.
  path: Assets/Materials/Materials/Answers/Answer4/New Material 2.mat
  artifactKey: Guid(4a9a61bdbf3ee3a489b62bf25cfcb733) Importer(815301076,1909f56bfc062723c751e8b465ee728b)
Start importing Assets/Materials/Materials/Answers/Answer4/New Material 2.mat using Guid(4a9a61bdbf3ee3a489b62bf25cfcb733) Importer(815301076,1909f56bfc062723c751e8b465ee728b)  -> (artifact id: '23c33865d24482fa3fc01554493f6a18') in 0.019484 seconds
  Import took 0.022803 seconds .

========================================================================
Received Import Request.
  Time since last request: 0.332740 seconds.
  path: Assets/Materials/Materials/Answers/Answer4/New Material 3.mat
  artifactKey: Guid(d81b21b289decac4c9bb85478bf917d0) Importer(815301076,1909f56bfc062723c751e8b465ee728b)
Start importing Assets/Materials/Materials/Answers/Answer4/New Material 3.mat using Guid(d81b21b289decac4c9bb85478bf917d0) Importer(815301076,1909f56bfc062723c751e8b465ee728b)  -> (artifact id: '0b76267a15e98b2d2319e561fd4fa520') in 0.026324 seconds
  Import took 0.042625 seconds .

========================================================================
Received Import Request.
  Time since last request: 58.429454 seconds.
  path: Assets/Materials/Materials/Answers/Answer4/9Bda7tgu9hs.jpg
  artifactKey: Guid(fb6a0997c2d11b04eb160f1cbdf2eba6) Importer(815301076,1909f56bfc062723c751e8b465ee728b)
Start importing Assets/Materials/Materials/Answers/Answer4/9Bda7tgu9hs.jpg using Guid(fb6a0997c2d11b04eb160f1cbdf2eba6) Importer(815301076,1909f56bfc062723c751e8b465ee728b)  -> (artifact id: '3cb5d1935598074b73d1304a15e0b2fa') in 0.034063 seconds
  Import took 0.052962 seconds .

========================================================================
Received Import Request.
  Time since last request: 5.772407 seconds.
  path: Assets/Materials/Materials/Answers/Answer4/GBn1lWREk9g.jpg
  artifactKey: Guid(03843af9ddecdc84ebdd85a5bdce8ddc) Importer(815301076,1909f56bfc062723c751e8b465ee728b)
Start importing Assets/Materials/Materials/Answers/Answer4/GBn1lWREk9g.jpg using Guid(03843af9ddecdc84ebdd85a5bdce8ddc) Importer(815301076,1909f56bfc062723c751e8b465ee728b)  -> (artifact id: 'e450e834cb9282f983be7b9be48e7755') in 0.020415 seconds
  Import took 0.023990 seconds .

========================================================================
Received Import Request.
  Time since last request: 3.653922 seconds.
  path: Assets/Materials/Materials/Answers/Answer4/ozKv0OwNPEU.jpg
  artifactKey: Guid(a6de9f167e32a174faaef0e848ed260e) Importer(815301076,1909f56bfc062723c751e8b465ee728b)
Start importing Assets/Materials/Materials/Answers/Answer4/ozKv0OwNPEU.jpg using Guid(a6de9f167e32a174faaef0e848ed260e) Importer(815301076,1909f56bfc062723c751e8b465ee728b)  -> (artifact id: 'fb71c6f2c8d48780820f53222d95812a') in 0.018707 seconds
  Import took 0.023068 seconds .

========================================================================
Received Import Request.
  Time since last request: 3.509921 seconds.
  path: Assets/Materials/Materials/Answers/Answer4/IPQIXlSDFmg.jpg
  artifactKey: Guid(5b7344bad954f594aa4d905a8ffd8f07) Importer(815301076,1909f56bfc062723c751e8b465ee728b)
Start importing Assets/Materials/Materials/Answers/Answer4/IPQIXlSDFmg.jpg using Guid(5b7344bad954f594aa4d905a8ffd8f07) Importer(815301076,1909f56bfc062723c751e8b465ee728b)  -> (artifact id: '1671742f5cc368df2b0faf76f9bfade6') in 0.019044 seconds
  Import took 0.022868 seconds .

========================================================================
Received Import Request.
  Time since last request: 297.874960 seconds.
  path: Assets/Materials/Materials/Answers/Answer4/Bezymyannyy.png
  artifactKey: Guid(81f96920472deff48bb1986d449ff9ac) Importer(815301076,1909f56bfc062723c751e8b465ee728b)
Start importing Assets/Materials/Materials/Answers/Answer4/Bezymyannyy.png using Guid(81f96920472deff48bb1986d449ff9ac) Importer(815301076,1909f56bfc062723c751e8b465ee728b)  -> (artifact id: '55591a32743fc0b25b84398f77a5b42b') in 0.022062 seconds
  Import took 0.025769 seconds .

========================================================================
Received Import Request.
  Time since last request: 0.009477 seconds.
  path: Assets/Materials/Materials/Answers/Answer4/Bezymyannyy.png
  artifactKey: Guid(81f96920472deff48bb1986d449ff9ac) Importer(815301076,1909f56bfc062723c751e8b465ee728b)
Start importing Assets/Materials/Materials/Answers/Answer4/Bezymyannyy.png using Guid(81f96920472deff48bb1986d449ff9ac) Importer(815301076,1909f56bfc062723c751e8b465ee728b)  -> (artifact id: '55591a32743fc0b25b84398f77a5b42b') in 0.010951 seconds
  Import took 0.013964 seconds .

========================================================================
Received Import Request.
  Time since last request: 5.005420 seconds.
  path: Assets/Materials/Materials/Answers/Answer4/Bezymyannyy.png
  artifactKey: Guid(81f96920472deff48bb1986d449ff9ac) Importer(815301076,1909f56bfc062723c751e8b465ee728b)
Start importing Assets/Materials/Materials/Answers/Answer4/Bezymyannyy.png using Guid(81f96920472deff48bb1986d449ff9ac) Importer(815301076,1909f56bfc062723c751e8b465ee728b)  -> (artifact id: 'b8a1965e6559ab0bbecd739760d8e6bd') in 0.018572 seconds
  Import took 0.022084 seconds .

========================================================================
Received Import Request.
  Time since last request: 4.722935 seconds.
  path: Assets/Materials/Materials/Answers/Answer4/4Answer1.mat
  artifactKey: Guid(144189f4a02d567449cad65ffc2c23a3) Importer(815301076,1909f56bfc062723c751e8b465ee728b)
Start importing Assets/Materials/Materials/Answers/Answer4/4Answer1.mat using Guid(144189f4a02d567449cad65ffc2c23a3) Importer(815301076,1909f56bfc062723c751e8b465ee728b)  -> (artifact id: '698794f2d583c971ec407f30e6b3f5be') in 0.034623 seconds
  Import took 0.038297 seconds .

========================================================================
Received Import Request.
  Time since last request: 0.000390 seconds.
  path: Assets/Materials/Materials/Answers/Answer4/4Answer2.mat
  artifactKey: Guid(4a9a61bdbf3ee3a489b62bf25cfcb733) Importer(815301076,1909f56bfc062723c751e8b465ee728b)
Start importing Assets/Materials/Materials/Answers/Answer4/4Answer2.mat using Guid(4a9a61bdbf3ee3a489b62bf25cfcb733) Importer(815301076,1909f56bfc062723c751e8b465ee728b)  -> (artifact id: 'b79194cb60f90ce1345488bc447fac7f') in 0.025886 seconds
  Import took 0.029304 seconds .

========================================================================
Received Import Request.
  Time since last request: 0.000566 seconds.
  path: Assets/Materials/Materials/Answers/Answer4/4Answer3.mat
  artifactKey: Guid(d81b21b289decac4c9bb85478bf917d0) Importer(815301076,1909f56bfc062723c751e8b465ee728b)
Start importing Assets/Materials/Materials/Answers/Answer4/4Answer3.mat using Guid(d81b21b289decac4c9bb85478bf917d0) Importer(815301076,1909f56bfc062723c751e8b465ee728b)  -> (artifact id: 'd8e9dc007d7caabd607388bc2c95f927') in 0.029863 seconds
  Import took 0.032784 seconds .

========================================================================
Received Import Request.
  Time since last request: 0.000318 seconds.
  path: Assets/Materials/Materials/Answers/Answer4/4Question.mat
  artifactKey: Guid(9877ec8d9b5db2d48b8206e4f439da53) Importer(815301076,1909f56bfc062723c751e8b465ee728b)
Start importing Assets/Materials/Materials/Answers/Answer4/4Question.mat using Guid(9877ec8d9b5db2d48b8206e4f439da53) Importer(815301076,1909f56bfc062723c751e8b465ee728b)  -> (artifact id: '6e258e9be9a28b7a486198087890b83e') in 0.029105 seconds
  Import took 0.045599 seconds .

========================================================================
Received Prepare
Registering precompiled user dll's ...
Registered in 0.001203 seconds.
Begin MonoManager ReloadAssembly
Native extension for WindowsStandalone target not found
Refreshing native plugins compatible for Editor in 0.32 ms, found 0 plugins.
Preloading 0 native plugins for Editor in 0.00 ms.
Invoked RoslynAnalysisRunner static constructor.
RoslynAnalysisRunner will not be running.
RoslynAnalysisRunner has terminated.
Mono: successfully reloaded assembly
- Completed reload, in  1.297 seconds
Platform modules already initialized, skipping
Refreshing native plugins compatible for Editor in 0.40 ms, found 0 plugins.
Preloading 0 native plugins for Editor in 0.00 ms.
Unloading 1130 Unused Serialized files (Serialized files now loaded: 0)
System memory in use before: 75.1 MB.
System memory in use after: 75.2 MB.

Unloading 5 unused Assets to reduce memory usage. Loaded Objects now: 1674.
Total: 3.249900 ms (FindLiveObjects: 0.293900 ms CreateObjectMapping: 0.076800 ms MarkObjects: 2.764100 ms  DeleteObjects: 0.112900 ms)

========================================================================
Received Prepare
Registering precompiled user dll's ...
Registered in 0.001264 seconds.
Begin MonoManager ReloadAssembly
Native extension for WindowsStandalone target not found
Refreshing native plugins compatible for Editor in 0.56 ms, found 0 plugins.
Preloading 0 native plugins for Editor in 0.00 ms.
Invoked RoslynAnalysisRunner static constructor.
RoslynAnalysisRunner will not be running.
RoslynAnalysisRunner has terminated.
Mono: successfully reloaded assembly
- Completed reload, in  1.458 seconds
Platform modules already initialized, skipping
Refreshing native plugins compatible for Editor in 0.34 ms, found 0 plugins.
Preloading 0 native plugins for Editor in 0.00 ms.
Unloading 1130 Unused Serialized files (Serialized files now loaded: 0)
System memory in use before: 75.1 MB.
System memory in use after: 75.2 MB.

Unloading 5 unused Assets to reduce memory usage. Loaded Objects now: 1677.
Total: 2.355100 ms (FindLiveObjects: 0.317700 ms CreateObjectMapping: 0.074700 ms MarkObjects: 1.859400 ms  DeleteObjects: 0.100200 ms)

