Using pre-set license
Built from '2020.3/staging' branch; Version is '2020.3.0f1 (c7b5465681fb) revision 13088070'; Using compiler version '192528614'; Build Type 'Release'
OS: 'Windows 10 Home Single Language; OS build 19041.928; Version 2004; 64bit' Language: 'ru' Physical Memory: 7068 MB
BatchMode: 1, IsHumanControllingUs: 0, StartBugReporterOnCrash: 0, Is64bit: 1, IsPro: 0

 COMMAND LINE ARGUMENTS:
C:\Program Files\Unity\Hub\Editor\2020.3.0f1\Editor\Unity.exe
-adb2
-batchMode
-noUpm
-name
AssetImportWorker0
-projectPath
D:/NIR/Unity3DGame
-logFile
Logs/AssetImportWorker0.log
-srvPort
50161
Successfully changed project path to: D:/NIR/Unity3DGame
D:/NIR/Unity3DGame
Using Asset Import Pipeline V2.
Refreshing native plugins compatible for Editor in 54.19 ms, found 0 plugins.
Preloading 0 native plugins for Editor in 0.00 ms.
Initialize engine version: 2020.3.0f1 (c7b5465681fb)
[Subsystems] Discovering subsystems at path C:/Program Files/Unity/Hub/Editor/2020.3.0f1/Editor/Data/Resources/UnitySubsystems
[Subsystems] Discovering subsystems at path D:/NIR/Unity3DGame/Assets
GfxDevice: creating device client; threaded=0
Direct3D:
    Version:  Direct3D 11.0 [level 11.1]
    Renderer: Radeon RX 560X Series (ID=0x67ef)
    Vendor:   
    VRAM:     4077 MB
    Driver:   26.20.11028.1002
Initialize mono
Mono path[0] = 'C:/Program Files/Unity/Hub/Editor/2020.3.0f1/Editor/Data/Managed'
Mono path[1] = 'C:/Program Files/Unity/Hub/Editor/2020.3.0f1/Editor/Data/MonoBleedingEdge/lib/mono/unityjit'
Mono config path = 'C:/Program Files/Unity/Hub/Editor/2020.3.0f1/Editor/Data/MonoBleedingEdge/etc'
Using monoOptions --debugger-agent=transport=dt_socket,embedding=1,server=y,suspend=n,address=127.0.0.1:56752
Begin MonoManager ReloadAssembly
Registering precompiled unity dll's ...
Register platform support module: C:/Program Files/Unity/Hub/Editor/2020.3.0f1/Editor/Data/PlaybackEngines/WindowsStandaloneSupport/UnityEditor.WindowsStandalone.Extensions.dll
Registered in 0.147456 seconds.
Native extension for WindowsStandalone target not found
Refreshing native plugins compatible for Editor in 37.46 ms, found 0 plugins.
Preloading 0 native plugins for Editor in 0.00 ms.
Invoked RoslynAnalysisRunner static constructor.
RoslynAnalysisRunner will not be running.
RoslynAnalysisRunner has terminated.
Mono: successfully reloaded assembly
- Completed reload, in  7.099 seconds
Platform modules already initialized, skipping
Registering precompiled user dll's ...
Registered in 0.072344 seconds.
Begin MonoManager ReloadAssembly
Native extension for WindowsStandalone target not found
Refreshing native plugins compatible for Editor in 0.47 ms, found 0 plugins.
Preloading 0 native plugins for Editor in 0.00 ms.
Invoked RoslynAnalysisRunner static constructor.
RoslynAnalysisRunner will not be running.
RoslynAnalysisRunner has terminated.
Mono: successfully reloaded assembly
- Completed reload, in  2.634 seconds
Platform modules already initialized, skipping
========================================================================
Worker process is ready to serve import requests
Launched and connected shader compiler UnityShaderCompiler.exe after 0.14 seconds
Refreshing native plugins compatible for Editor in 0.33 ms, found 0 plugins.
Preloading 0 native plugins for Editor in 0.00 ms.
Unloading 1150 Unused Serialized files (Serialized files now loaded: 0)
System memory in use before: 72.7 MB.
System memory in use after: 72.7 MB.

Unloading 10 unused Assets to reduce memory usage. Loaded Objects now: 1612.
Total: 3.052600 ms (FindLiveObjects: 0.309900 ms CreateObjectMapping: 0.099800 ms MarkObjects: 2.498900 ms  DeleteObjects: 0.141900 ms)

========================================================================
Received Import Request.
  path: Assets/Materials/New Material 1.mat
  artifactKey: Guid(49a63a8d0e1d5a64aa38576baa9c2f21) Importer(815301076,1909f56bfc062723c751e8b465ee728b)
Start importing Assets/Materials/New Material 1.mat using Guid(49a63a8d0e1d5a64aa38576baa9c2f21) Importer(815301076,1909f56bfc062723c751e8b465ee728b)  -> (artifact id: '28258c1d83772caa7e607cf5c69a0781') in 0.389975 seconds
  Import took 0.393241 seconds .

========================================================================
Received Import Request.
  Time since last request: 5.249321 seconds.
  path: Assets/Materials/Materials
  artifactKey: Guid(4f8d9e84b8186f44688c897090dd3059) Importer(815301076,1909f56bfc062723c751e8b465ee728b)
Start importing Assets/Materials/Materials using Guid(4f8d9e84b8186f44688c897090dd3059) Importer(815301076,1909f56bfc062723c751e8b465ee728b)  -> (artifact id: 'b6a169ef234a749c7bf2cca727455a87') in 0.106783 seconds
  Import took 0.109761 seconds .

========================================================================
Received Import Request.
  Time since last request: 150.765732 seconds.
  path: Assets/Materials/3.png
  artifactKey: Guid(a79c015bea5d3a14a8b0e0e0060016af) Importer(815301076,1909f56bfc062723c751e8b465ee728b)
Start importing Assets/Materials/3.png using Guid(a79c015bea5d3a14a8b0e0e0060016af) Importer(815301076,1909f56bfc062723c751e8b465ee728b)  -> (artifact id: '17f9f7f74a0fe101bde4cd778513f13c') in 0.094841 seconds
  Import took 0.098482 seconds .

========================================================================
Received Import Request.
  Time since last request: 3.168020 seconds.
  path: Assets/Materials/3 1.png
  artifactKey: Guid(0c28ba49e76a19c40a7d0175c2e01dd2) Importer(815301076,1909f56bfc062723c751e8b465ee728b)
Start importing Assets/Materials/3 1.png using Guid(0c28ba49e76a19c40a7d0175c2e01dd2) Importer(815301076,1909f56bfc062723c751e8b465ee728b)  -> (artifact id: 'cc468ae27c0677ff624896277797d101') in 0.030978 seconds
  Import took 0.034817 seconds .

========================================================================
Received Import Request.
  Time since last request: 167.289820 seconds.
  path: Assets/Materials/New Material 1.mat
  artifactKey: Guid(49a63a8d0e1d5a64aa38576baa9c2f21) Importer(815301076,1909f56bfc062723c751e8b465ee728b)
Start importing Assets/Materials/New Material 1.mat using Guid(49a63a8d0e1d5a64aa38576baa9c2f21) Importer(815301076,1909f56bfc062723c751e8b465ee728b)  -> (artifact id: '27d518b0630809825789c79808cd8d2a') in 0.015691 seconds
  Import took 0.019467 seconds .

========================================================================
Received Import Request.
  Time since last request: 0.000511 seconds.
  path: Assets/Materials/New Material.mat
  artifactKey: Guid(afa6a2b9fc22fdf41a677099e4e20c19) Importer(815301076,1909f56bfc062723c751e8b465ee728b)
Start importing Assets/Materials/New Material.mat using Guid(afa6a2b9fc22fdf41a677099e4e20c19) Importer(815301076,1909f56bfc062723c751e8b465ee728b)  -> (artifact id: 'b75c2f4e80bee2987b6bd3c11b8d9642') in 0.026763 seconds
  Import took 0.031020 seconds .

========================================================================
Received Import Request.
  Time since last request: 237.548545 seconds.
  path: Assets/Supercyan Character Pack Free Sample/Materials/3.mat
  artifactKey: Guid(59787fd9dd819cc4a85e51b124cf627d) Importer(815301076,1909f56bfc062723c751e8b465ee728b)
Start importing Assets/Supercyan Character Pack Free Sample/Materials/3.mat using Guid(59787fd9dd819cc4a85e51b124cf627d) Importer(815301076,1909f56bfc062723c751e8b465ee728b)  -> (artifact id: '458336bcb633d881bd5b331d65b674bf') in 0.055557 seconds
  Import took 0.059242 seconds .

========================================================================
Received Import Request.
  Time since last request: 0.000426 seconds.
  path: Assets/Invector-3rdPersonController_LITE/Resources/Materials/basicLogo.mat
  artifactKey: Guid(95e8ddafe35d7fa489f1b9ef6bb570d8) Importer(815301076,1909f56bfc062723c751e8b465ee728b)
Start importing Assets/Invector-3rdPersonController_LITE/Resources/Materials/basicLogo.mat using Guid(95e8ddafe35d7fa489f1b9ef6bb570d8) Importer(815301076,1909f56bfc062723c751e8b465ee728b)  -> (artifact id: 'e9013e2db0374fbee4fbfca61c865b62') in 0.500724 seconds
  Import took 0.503700 seconds .

========================================================================
Received Import Request.
  Time since last request: 0.000378 seconds.
  path: Assets/Invector-3rdPersonController_LITE/3D Models/Textures/prototype_textures/blue_floor_Tiled 1.mat
  artifactKey: Guid(50379933e8dbabe4eb6d36e41aec0185) Importer(815301076,1909f56bfc062723c751e8b465ee728b)
Start importing Assets/Invector-3rdPersonController_LITE/3D Models/Textures/prototype_textures/blue_floor_Tiled 1.mat using Guid(50379933e8dbabe4eb6d36e41aec0185) Importer(815301076,1909f56bfc062723c751e8b465ee728b)  -> (artifact id: '0355f8b5872a1b9551da06ed25054a95') in 0.369738 seconds
  Import took 0.373149 seconds .

========================================================================
Received Import Request.
  Time since last request: 0.000501 seconds.
  path: Assets/Invector-3rdPersonController_LITE/3D Models/Textures/basicTextures/Materials/blockIcon.mat
  artifactKey: Guid(bfbb0dc28d099374ea54992d9c8b94a6) Importer(815301076,1909f56bfc062723c751e8b465ee728b)
Start importing Assets/Invector-3rdPersonController_LITE/3D Models/Textures/basicTextures/Materials/blockIcon.mat using Guid(bfbb0dc28d099374ea54992d9c8b94a6) Importer(815301076,1909f56bfc062723c751e8b465ee728b)  -> (artifact id: '7ea9cc04ee3a97d9d38400ac19bd94ef') in 0.210133 seconds
  Import took 0.212775 seconds .

========================================================================
Received Import Request.
  Time since last request: 0.000398 seconds.
  path: Assets/Invector-3rdPersonController_LITE/3D Models/Textures/prototype_textures/Materials/carbon2.mat
  artifactKey: Guid(fdcb5d92a21150a46b75fd32ed28c8be) Importer(815301076,1909f56bfc062723c751e8b465ee728b)
Start importing Assets/Invector-3rdPersonController_LITE/3D Models/Textures/prototype_textures/Materials/carbon2.mat using Guid(fdcb5d92a21150a46b75fd32ed28c8be) Importer(815301076,1909f56bfc062723c751e8b465ee728b)  -> (artifact id: 'ca3c1d5b6a110d899634adb82763ebea') in 0.056800 seconds
  Import took 0.059531 seconds .

========================================================================
Received Import Request.
  Time since last request: 0.000429 seconds.
  path: Assets/Invector-3rdPersonController_LITE/3D Models/Characters/Invector@V-Bot 2.0/Material/Custom/Body.mat
  artifactKey: Guid(2fccb76f588d4d749928713d38489484) Importer(815301076,1909f56bfc062723c751e8b465ee728b)
Start importing Assets/Invector-3rdPersonController_LITE/3D Models/Characters/Invector@V-Bot 2.0/Material/Custom/Body.mat using Guid(2fccb76f588d4d749928713d38489484) Importer(815301076,1909f56bfc062723c751e8b465ee728b)  -> (artifact id: '0c949b55ee628916c2976b48db655e9d') in 0.420512 seconds
  Import took 0.423730 seconds .

========================================================================
Received Import Request.
  Time since last request: 0.000399 seconds.
  path: Assets/Invector-3rdPersonController_LITE/3D Models/Others/HealthItem/Materials/health-02.mat
  artifactKey: Guid(1beaec239d93b834d8276eee2627b4b0) Importer(815301076,1909f56bfc062723c751e8b465ee728b)
Start importing Assets/Invector-3rdPersonController_LITE/3D Models/Others/HealthItem/Materials/health-02.mat using Guid(1beaec239d93b834d8276eee2627b4b0) Importer(815301076,1909f56bfc062723c751e8b465ee728b)  -> (artifact id: '98b9eff347dbdfee2018023ea75f3af8') in 0.065108 seconds
  Import took 0.068504 seconds .

========================================================================
Received Import Request.
  Time since last request: 0.000566 seconds.
  path: Assets/Invector-3rdPersonController_LITE/3D Models/Textures/prototype_textures/Materials/carbon.mat
  artifactKey: Guid(50ac9aaf650337544b871e557fa095ca) Importer(815301076,1909f56bfc062723c751e8b465ee728b)
Start importing Assets/Invector-3rdPersonController_LITE/3D Models/Textures/prototype_textures/Materials/carbon.mat using Guid(50ac9aaf650337544b871e557fa095ca) Importer(815301076,1909f56bfc062723c751e8b465ee728b)  -> (artifact id: '4f84fe51b2f63c31fa248c00f5ca9954') in 0.031163 seconds
  Import took 0.034383 seconds .

========================================================================
Received Import Request.
  Time since last request: 0.000619 seconds.
  path: Assets/Supercyan Character Pack Free Sample/Materials/4.mat
  artifactKey: Guid(f3f3382f641e6334f9595e68a5aa0470) Importer(815301076,1909f56bfc062723c751e8b465ee728b)
Start importing Assets/Supercyan Character Pack Free Sample/Materials/4.mat using Guid(f3f3382f641e6334f9595e68a5aa0470) Importer(815301076,1909f56bfc062723c751e8b465ee728b)  -> (artifact id: '87b8e2f1933d2b509e4341152cd806d9') in 0.044258 seconds
  Import took 0.047699 seconds .

========================================================================
Received Import Request.
  Time since last request: 0.000482 seconds.
  path: Assets/Invector-3rdPersonController_LITE/3D Models/Characters/Invector@V-Bot 2.0/Material/Custom/Joints_Inside.mat
  artifactKey: Guid(a5e11a5a8f5eb46449d5ace6a06e4d54) Importer(815301076,1909f56bfc062723c751e8b465ee728b)
Start importing Assets/Invector-3rdPersonController_LITE/3D Models/Characters/Invector@V-Bot 2.0/Material/Custom/Joints_Inside.mat using Guid(a5e11a5a8f5eb46449d5ace6a06e4d54) Importer(815301076,1909f56bfc062723c751e8b465ee728b)  -> (artifact id: 'bea1569de57ea5e9a07e904db5e9fdac') in 0.049092 seconds
  Import took 0.053064 seconds .

========================================================================
Received Import Request.
  Time since last request: 0.000389 seconds.
  path: Assets/Invector-3rdPersonController_LITE/3D Models/Characters/Invector@V-Bot 2.0/Material/Custom/Joints_Outside.mat
  artifactKey: Guid(f51c03443b297bb4a85e94d7738c2bb9) Importer(815301076,1909f56bfc062723c751e8b465ee728b)
Start importing Assets/Invector-3rdPersonController_LITE/3D Models/Characters/Invector@V-Bot 2.0/Material/Custom/Joints_Outside.mat using Guid(f51c03443b297bb4a85e94d7738c2bb9) Importer(815301076,1909f56bfc062723c751e8b465ee728b)  -> (artifact id: '51feb7125b5a622f2eee53e931f393b6') in 0.043447 seconds
  Import took 0.047876 seconds .

========================================================================
Received Import Request.
  Time since last request: 0.000423 seconds.
  path: Assets/Invector-3rdPersonController_LITE/3D Models/Textures/prototype_textures/Materials/door_blue.mat
  artifactKey: Guid(d4d77923774cd9e468e6a23187133f18) Importer(815301076,1909f56bfc062723c751e8b465ee728b)
Start importing Assets/Invector-3rdPersonController_LITE/3D Models/Textures/prototype_textures/Materials/door_blue.mat using Guid(d4d77923774cd9e468e6a23187133f18) Importer(815301076,1909f56bfc062723c751e8b465ee728b)  -> (artifact id: '0126fbc9347d74148137e319ca623874') in 0.090546 seconds
  Import took 0.093763 seconds .

========================================================================
Received Import Request.
  Time since last request: 0.000645 seconds.
  path: Assets/Supercyan Character Pack Free Sample/Materials/5.mat
  artifactKey: Guid(71ff88b7ed65c4e49a07a6fd746ead27) Importer(815301076,1909f56bfc062723c751e8b465ee728b)
Start importing Assets/Supercyan Character Pack Free Sample/Materials/5.mat using Guid(71ff88b7ed65c4e49a07a6fd746ead27) Importer(815301076,1909f56bfc062723c751e8b465ee728b)  -> (artifact id: '02a4b142a4c60864f5acfe1b0f21885d') in 0.019634 seconds
  Import took 0.022886 seconds .

========================================================================
Received Import Request.
  Time since last request: 0.000526 seconds.
  path: Assets/TextMesh Pro/Fonts/LiberationSans.ttf
  artifactKey: Guid(e3265ab4bf004d28a9537516768c1c75) Importer(815301076,1909f56bfc062723c751e8b465ee728b)
Start importing Assets/TextMesh Pro/Fonts/LiberationSans.ttf using Guid(e3265ab4bf004d28a9537516768c1c75) Importer(815301076,1909f56bfc062723c751e8b465ee728b)  -> (artifact id: '9c7ec6a2a790a7598f2701074f94f584') in 0.076019 seconds
  Import took 0.083098 seconds .

========================================================================
Received Import Request.
  Time since last request: 0.001139 seconds.
  path: Assets/Invector-3rdPersonController_LITE/3D Models/Others/HealthItem/Materials/health-01.mat
  artifactKey: Guid(f31f0391f259cfb41a4980938a35740b) Importer(815301076,1909f56bfc062723c751e8b465ee728b)
Start importing Assets/Invector-3rdPersonController_LITE/3D Models/Others/HealthItem/Materials/health-01.mat using Guid(f31f0391f259cfb41a4980938a35740b) Importer(815301076,1909f56bfc062723c751e8b465ee728b)  -> (artifact id: '2e33021b08bc532002a8895e5b1684d4') in 0.027885 seconds
  Import took 0.031344 seconds .

========================================================================
Received Import Request.
  Time since last request: 0.000468 seconds.
  path: Assets/Materials/Materials/3 1.mat
  artifactKey: Guid(4a307d269f5a3f24092cd5790b6dd01c) Importer(815301076,1909f56bfc062723c751e8b465ee728b)
Start importing Assets/Materials/Materials/3 1.mat using Guid(4a307d269f5a3f24092cd5790b6dd01c) Importer(815301076,1909f56bfc062723c751e8b465ee728b)  -> (artifact id: '2ff14c59bbe6696293006ef6d7651dd1') in 0.016657 seconds
  Import took 0.019605 seconds .

========================================================================
Received Import Request.
  Time since last request: 0.000430 seconds.
  path: Assets/Invector-3rdPersonController_LITE/3D Models/Textures/basicTextures/Materials/greenEmit.mat
  artifactKey: Guid(57a4ec3e493b1cb4c8a8a16b70a5c441) Importer(815301076,1909f56bfc062723c751e8b465ee728b)
Start importing Assets/Invector-3rdPersonController_LITE/3D Models/Textures/basicTextures/Materials/greenEmit.mat using Guid(57a4ec3e493b1cb4c8a8a16b70a5c441) Importer(815301076,1909f56bfc062723c751e8b465ee728b)  -> (artifact id: 'b193254d48983c1682a2befb1759baab') in 0.071340 seconds
  Import took 0.074726 seconds .

========================================================================
Received Import Request.
  Time since last request: 0.000487 seconds.
  path: Assets/Invector-3rdPersonController_LITE/Resources/Materials/comparacao.mat
  artifactKey: Guid(04b9b14418e313f42ad7108f4d334925) Importer(815301076,1909f56bfc062723c751e8b465ee728b)
Start importing Assets/Invector-3rdPersonController_LITE/Resources/Materials/comparacao.mat using Guid(04b9b14418e313f42ad7108f4d334925) Importer(815301076,1909f56bfc062723c751e8b465ee728b)  -> (artifact id: 'ca523b39fbcb03121fb6ebf781fe6266') in 0.074839 seconds
  Import took 0.078146 seconds .

========================================================================
Received Import Request.
  Time since last request: 3.251147 seconds.
  path: Assets/Invector-3rdPersonController_LITE/3D Models/Textures/prototype_textures/Materials/ladder_chromo.mat
  artifactKey: Guid(b2b10d5d20df19c4095609048c3bec10) Importer(815301076,1909f56bfc062723c751e8b465ee728b)
Start importing Assets/Invector-3rdPersonController_LITE/3D Models/Textures/prototype_textures/Materials/ladder_chromo.mat using Guid(b2b10d5d20df19c4095609048c3bec10) Importer(815301076,1909f56bfc062723c751e8b465ee728b)  -> (artifact id: '48d21fecebccd145fe010f43a475a51c') in 0.030188 seconds
  Import took 0.033442 seconds .

========================================================================
Received Import Request.
  Time since last request: 0.000552 seconds.
  path: Assets/TextMesh Pro/Resources/Fonts & Materials/LiberationSans SDF - Outline.mat
  artifactKey: Guid(79459efec17a4d00a321bdcc27bbc385) Importer(815301076,1909f56bfc062723c751e8b465ee728b)
Start importing Assets/TextMesh Pro/Resources/Fonts & Materials/LiberationSans SDF - Outline.mat using Guid(79459efec17a4d00a321bdcc27bbc385) Importer(815301076,1909f56bfc062723c751e8b465ee728b)  -> (artifact id: 'a9effe56a08cd2156f7af31e426d9ac1') in 0.203921 seconds
  Import took 0.207057 seconds .

========================================================================
Received Import Request.
  Time since last request: 0.000391 seconds.
  path: Assets/Invector-3rdPersonController_LITE/3D Models/Textures/basicTextures/Materials/locomotion_statuePlate.mat
  artifactKey: Guid(cefe63fbb5dbcf948bf6a6d33f3a029f) Importer(815301076,1909f56bfc062723c751e8b465ee728b)
Start importing Assets/Invector-3rdPersonController_LITE/3D Models/Textures/basicTextures/Materials/locomotion_statuePlate.mat using Guid(cefe63fbb5dbcf948bf6a6d33f3a029f) Importer(815301076,1909f56bfc062723c751e8b465ee728b)  -> (artifact id: '538c229a26118a416ed5753621497bf8') in 0.117771 seconds
  Import took 0.121349 seconds .

========================================================================
Received Import Request.
  Time since last request: 0.000525 seconds.
  path: Assets/Invector-3rdPersonController_LITE/3D Models/Textures/basicTextures/Materials/LocomotionBanner.mat
  artifactKey: Guid(1fde83912a8bec848bc5c8d01d2afe97) Importer(815301076,1909f56bfc062723c751e8b465ee728b)
Start importing Assets/Invector-3rdPersonController_LITE/3D Models/Textures/basicTextures/Materials/LocomotionBanner.mat using Guid(1fde83912a8bec848bc5c8d01d2afe97) Importer(815301076,1909f56bfc062723c751e8b465ee728b)  -> (artifact id: '94cdaf6456e30461d73690ca0d81f8b1') in 0.029243 seconds
  Import took 0.032691 seconds .

========================================================================
Received Import Request.
  Time since last request: 0.000485 seconds.
  path: Assets/Invector-3rdPersonController_LITE/3D Models/Textures/prototype_textures/Materials/ladder_Metal.mat
  artifactKey: Guid(2e23f77229be3224dbd1cd73d77ab2dc) Importer(815301076,1909f56bfc062723c751e8b465ee728b)
Start importing Assets/Invector-3rdPersonController_LITE/3D Models/Textures/prototype_textures/Materials/ladder_Metal.mat using Guid(2e23f77229be3224dbd1cd73d77ab2dc) Importer(815301076,1909f56bfc062723c751e8b465ee728b)  -> (artifact id: '0070009f6f18bf46ac8574e55338b16c') in 0.121011 seconds
  Import took 0.124535 seconds .

========================================================================
Received Import Request.
  Time since last request: 0.000433 seconds.
  path: Assets/TextMesh Pro/Resources/Fonts & Materials/LiberationSans SDF - Drop Shadow.mat
  artifactKey: Guid(e73a58f6e2794ae7b1b7e50b7fb811b0) Importer(815301076,1909f56bfc062723c751e8b465ee728b)
Start importing Assets/TextMesh Pro/Resources/Fonts & Materials/LiberationSans SDF - Drop Shadow.mat using Guid(e73a58f6e2794ae7b1b7e50b7fb811b0) Importer(815301076,1909f56bfc062723c751e8b465ee728b)  -> (artifact id: 'c194066b5ddf713208b3818b9611a53a') in 0.162176 seconds
  Import took 0.165091 seconds .

========================================================================
Received Prepare
Registering precompiled user dll's ...
Registered in 0.000865 seconds.
Begin MonoManager ReloadAssembly
Native extension for WindowsStandalone target not found
Refreshing native plugins compatible for Editor in 0.38 ms, found 0 plugins.
Preloading 0 native plugins for Editor in 0.00 ms.
Invoked RoslynAnalysisRunner static constructor.
RoslynAnalysisRunner will not be running.
RoslynAnalysisRunner has terminated.
Mono: successfully reloaded assembly
- Completed reload, in  1.209 seconds
Platform modules already initialized, skipping
Refreshing native plugins compatible for Editor in 0.35 ms, found 0 plugins.
Preloading 0 native plugins for Editor in 0.00 ms.
Unloading 1130 Unused Serialized files (Serialized files now loaded: 0)
System memory in use before: 75.1 MB.
System memory in use after: 75.2 MB.

Unloading 5 unused Assets to reduce memory usage. Loaded Objects now: 1661.
Total: 2.479400 ms (FindLiveObjects: 0.235300 ms CreateObjectMapping: 0.041800 ms MarkObjects: 2.093300 ms  DeleteObjects: 0.107400 ms)

========================================================================
Received Import Request.
  Time since last request: 309.660268 seconds.
  path: Assets/Materials/Answer.mat
  artifactKey: Guid(68af19ce67636744da52e8a5e291e387) Importer(815301076,1909f56bfc062723c751e8b465ee728b)
Start importing Assets/Materials/Answer.mat using Guid(68af19ce67636744da52e8a5e291e387) Importer(815301076,1909f56bfc062723c751e8b465ee728b)  -> (artifact id: '85fc8ec516fd044a45b61b11ba994893') in 0.103014 seconds
  Import took 0.105736 seconds .

========================================================================
Received Import Request.
  Time since last request: 16.981937 seconds.
  path: Assets/Materials/AnswerMaterial.mat
  artifactKey: Guid(68af19ce67636744da52e8a5e291e387) Importer(815301076,1909f56bfc062723c751e8b465ee728b)
Start importing Assets/Materials/AnswerMaterial.mat using Guid(68af19ce67636744da52e8a5e291e387) Importer(815301076,1909f56bfc062723c751e8b465ee728b)  -> (artifact id: '37120075c077d821536be6ba888525af') in 0.020151 seconds
  Import took 0.023912 seconds .

========================================================================
Received Import Request.
  Time since last request: 59.537147 seconds.
  path: Assets/Materials/Answers
  artifactKey: Guid(9440f35b9f847c744ba9af7f88ec4c33) Importer(815301076,1909f56bfc062723c751e8b465ee728b)
Start importing Assets/Materials/Answers using Guid(9440f35b9f847c744ba9af7f88ec4c33) Importer(815301076,1909f56bfc062723c751e8b465ee728b)  -> (artifact id: 'aeb526fcff94b1b363938f0ad40126d0') in 0.011497 seconds
  Import took 0.014752 seconds .

========================================================================
Received Import Request.
  Time since last request: 12.542952 seconds.
  path: Assets/Materials/Materials/3.mat
  artifactKey: Guid(5dc0770cab4749a42aad0ebe9e53be49) Importer(815301076,1909f56bfc062723c751e8b465ee728b)
Start importing Assets/Materials/Materials/3.mat using Guid(5dc0770cab4749a42aad0ebe9e53be49) Importer(815301076,1909f56bfc062723c751e8b465ee728b)  -> (artifact id: 'ad0b628d5ab9cf1dbc1a475e9e895e31') in 0.016443 seconds
  Import took 0.019447 seconds .

========================================================================
Received Import Request.
  Time since last request: 43.809633 seconds.
  path: Assets/Materials/Answers/AnswerMaterial.mat
  artifactKey: Guid(68af19ce67636744da52e8a5e291e387) Importer(815301076,1909f56bfc062723c751e8b465ee728b)
Start importing Assets/Materials/Answers/AnswerMaterial.mat using Guid(68af19ce67636744da52e8a5e291e387) Importer(815301076,1909f56bfc062723c751e8b465ee728b)  -> (artifact id: '5f5cb75e2aeff56af5bb6a0a7cf12431') in 0.319782 seconds
  Import took 0.322798 seconds .

========================================================================
Received Import Request.
  Time since last request: 8.254821 seconds.
  path: Assets/Materials/Answers/Answer1
  artifactKey: Guid(7a4db9537e3a4a7438cdbf6273b435ef) Importer(815301076,1909f56bfc062723c751e8b465ee728b)
Start importing Assets/Materials/Answers/Answer1 using Guid(7a4db9537e3a4a7438cdbf6273b435ef) Importer(815301076,1909f56bfc062723c751e8b465ee728b)  -> (artifact id: '90e67bb873b0dcefdb60f7dda401ee03') in 0.009980 seconds
  Import took 0.013251 seconds .

========================================================================
Received Import Request.
  Time since last request: 0.001247 seconds.
  path: Assets/Materials/Answers/Answer1
  artifactKey: Guid(7a4db9537e3a4a7438cdbf6273b435ef) Importer(815301076,1909f56bfc062723c751e8b465ee728b)
Start importing Assets/Materials/Answers/Answer1 using Guid(7a4db9537e3a4a7438cdbf6273b435ef) Importer(815301076,1909f56bfc062723c751e8b465ee728b)  -> (artifact id: '90e67bb873b0dcefdb60f7dda401ee03') in 0.003948 seconds
  Import took 0.007837 seconds .

========================================================================
Received Import Request.
  Time since last request: 18.390031 seconds.
  path: Assets/Materials/Answers/s
  artifactKey: Guid(7a4db9537e3a4a7438cdbf6273b435ef) Importer(815301076,1909f56bfc062723c751e8b465ee728b)
Start importing Assets/Materials/Answers/s using Guid(7a4db9537e3a4a7438cdbf6273b435ef) Importer(815301076,1909f56bfc062723c751e8b465ee728b)  -> (artifact id: '48a7d1f5d5a5face408362ad8c9ed815') in 0.010544 seconds
  Import took 0.013697 seconds .

========================================================================
Received Import Request.
  Time since last request: 3.689551 seconds.
  path: Assets/Materials/Answers/Answers1
  artifactKey: Guid(7a4db9537e3a4a7438cdbf6273b435ef) Importer(815301076,1909f56bfc062723c751e8b465ee728b)
Start importing Assets/Materials/Answers/Answers1 using Guid(7a4db9537e3a4a7438cdbf6273b435ef) Importer(815301076,1909f56bfc062723c751e8b465ee728b)  -> (artifact id: '00d2b1213261900731291ef6bff405e3') in 0.011494 seconds
  Import took 0.014397 seconds .

========================================================================
Received Import Request.
  Time since last request: 0.000818 seconds.
  path: Assets/Materials/Answers/Answers1
  artifactKey: Guid(7a4db9537e3a4a7438cdbf6273b435ef) Importer(815301076,1909f56bfc062723c751e8b465ee728b)
Start importing Assets/Materials/Answers/Answers1 using Guid(7a4db9537e3a4a7438cdbf6273b435ef) Importer(815301076,1909f56bfc062723c751e8b465ee728b)  -> (artifact id: '00d2b1213261900731291ef6bff405e3') in 0.004362 seconds
  Import took 0.007507 seconds .

========================================================================
Received Import Request.
  Time since last request: 53.239285 seconds.
  path: Assets/Materials/Answers/Answers1/Answer1.mat
  artifactKey: Guid(8cdd442566c05ff4c8f419734b9c9f83) Importer(815301076,1909f56bfc062723c751e8b465ee728b)
Start importing Assets/Materials/Answers/Answers1/Answer1.mat using Guid(8cdd442566c05ff4c8f419734b9c9f83) Importer(815301076,1909f56bfc062723c751e8b465ee728b)  -> (artifact id: '9cafb9445a8c0a77f4f09a821e3bcf93') in 0.112200 seconds
  Import took 0.115079 seconds .

========================================================================
Received Import Request.
  Time since last request: 9.117343 seconds.
  path: Assets/Materials/Answers/Answers1/Answer2.mat
  artifactKey: Guid(879da95e2ebcc0843b35b15ea3219d19) Importer(815301076,1909f56bfc062723c751e8b465ee728b)
Start importing Assets/Materials/Answers/Answers1/Answer2.mat using Guid(879da95e2ebcc0843b35b15ea3219d19) Importer(815301076,1909f56bfc062723c751e8b465ee728b)  -> (artifact id: '3a691fb7b7fbbaa19790758d7c70a42c') in 0.020272 seconds
  Import took 0.122032 seconds .

========================================================================
Received Import Request.
  Time since last request: 8.369723 seconds.
  path: Assets/Materials/Answers/Answers1/Answer3.mat
  artifactKey: Guid(8ba7c7f84b01ac84dba4bf7a60501420) Importer(815301076,1909f56bfc062723c751e8b465ee728b)
Start importing Assets/Materials/Answers/Answers1/Answer3.mat using Guid(8ba7c7f84b01ac84dba4bf7a60501420) Importer(815301076,1909f56bfc062723c751e8b465ee728b)  -> (artifact id: '7e9bad3dd327bc50f8a04b27d09fbe18') in 0.018603 seconds
  Import took 0.021745 seconds .

========================================================================
Received Import Request.
  Time since last request: 404.016432 seconds.
  path: Assets/Materials/Answers/Answers1/2.png
  artifactKey: Guid(0afdf425789c9a244842623873aab243) Importer(815301076,1909f56bfc062723c751e8b465ee728b)
Start importing Assets/Materials/Answers/Answers1/2.png using Guid(0afdf425789c9a244842623873aab243) Importer(815301076,1909f56bfc062723c751e8b465ee728b)  -> (artifact id: 'bd5d9fc9617576deebdd73e7c6417a56') in 0.022200 seconds
  Import took 0.025263 seconds .

========================================================================
Received Import Request.
  Time since last request: 9.194230 seconds.
  path: Assets/Materials/Answers/Answers1/Materials
  artifactKey: Guid(0c826bb83c5602146a7eb24886d46ddc) Importer(815301076,1909f56bfc062723c751e8b465ee728b)
Start importing Assets/Materials/Answers/Answers1/Materials using Guid(0c826bb83c5602146a7eb24886d46ddc) Importer(815301076,1909f56bfc062723c751e8b465ee728b)  -> (artifact id: 'a1160332b4e1a0ea5086312e9e5e1e46') in 0.002968 seconds
  Import took 0.005941 seconds .

========================================================================
Received Import Request.
  Time since last request: 0.093705 seconds.
  path: Assets/Materials/Answers/Answers1/Materials/2.mat
  artifactKey: Guid(388f95f49321c2b4caf4cb667dfb7fcd) Importer(815301076,1909f56bfc062723c751e8b465ee728b)
Start importing Assets/Materials/Answers/Answers1/Materials/2.mat using Guid(388f95f49321c2b4caf4cb667dfb7fcd) Importer(815301076,1909f56bfc062723c751e8b465ee728b)  -> (artifact id: '262e84493f6dadd4b40545611d26ca62') in 0.018358 seconds
  Import took 0.021271 seconds .

========================================================================
Received Import Request.
  Time since last request: 136.394236 seconds.
  path: Assets/Materials/Answers/Answers1/2 1.png
  artifactKey: Guid(9844def2fd92176459ab22c235c04304) Importer(815301076,1909f56bfc062723c751e8b465ee728b)
Start importing Assets/Materials/Answers/Answers1/2 1.png using Guid(9844def2fd92176459ab22c235c04304) Importer(815301076,1909f56bfc062723c751e8b465ee728b)  -> (artifact id: 'd71283f00147f47b6a8e4e3530c1177e') in 0.015481 seconds
  Import took 0.054100 seconds .

========================================================================
Received Import Request.
  Time since last request: 5.490394 seconds.
  path: Assets/Materials/Answers/Answers1/2.png
  artifactKey: Guid(9844def2fd92176459ab22c235c04304) Importer(815301076,1909f56bfc062723c751e8b465ee728b)
Start importing Assets/Materials/Answers/Answers1/2.png using Guid(9844def2fd92176459ab22c235c04304) Importer(815301076,1909f56bfc062723c751e8b465ee728b)  -> (artifact id: '7a81dd55e2072058c87adca4d03ea878') in 0.009186 seconds
  Import took 0.011976 seconds .

========================================================================
Received Prepare
Registering precompiled user dll's ...
Registered in 0.001027 seconds.
Begin MonoManager ReloadAssembly
Native extension for WindowsStandalone target not found
Refreshing native plugins compatible for Editor in 0.43 ms, found 0 plugins.
Preloading 0 native plugins for Editor in 0.00 ms.
Invoked RoslynAnalysisRunner static constructor.
RoslynAnalysisRunner will not be running.
RoslynAnalysisRunner has terminated.
Mono: successfully reloaded assembly
- Completed reload, in  1.149 seconds
Platform modules already initialized, skipping
Refreshing native plugins compatible for Editor in 0.37 ms, found 0 plugins.
Preloading 0 native plugins for Editor in 0.00 ms.
Unloading 1130 Unused Serialized files (Serialized files now loaded: 0)
System memory in use before: 75.1 MB.
System memory in use after: 75.2 MB.

Unloading 5 unused Assets to reduce memory usage. Loaded Objects now: 1666.
Total: 2.676200 ms (FindLiveObjects: 0.396200 ms CreateObjectMapping: 0.078200 ms MarkObjects: 2.101100 ms  DeleteObjects: 0.096600 ms)

========================================================================
Received Import Request.
  Time since last request: 314.832474 seconds.
  path: Assets/Materials/Answers/Answers1/1.png
  artifactKey: Guid(9844def2fd92176459ab22c235c04304) Importer(815301076,1909f56bfc062723c751e8b465ee728b)
Start importing Assets/Materials/Answers/Answers1/1.png using Guid(9844def2fd92176459ab22c235c04304) Importer(815301076,1909f56bfc062723c751e8b465ee728b)  -> (artifact id: '7518493d8a78f4bcae9e143113aa6565') in 0.057860 seconds
  Import took 0.060821 seconds .

========================================================================
Received Import Request.
  Time since last request: 68.847103 seconds.
  path: Assets/Materials/Answers/Answers1/3.png
  artifactKey: Guid(cec9c1637438e9640acb7a367c1de1d0) Importer(815301076,1909f56bfc062723c751e8b465ee728b)
Start importing Assets/Materials/Answers/Answers1/3.png using Guid(cec9c1637438e9640acb7a367c1de1d0) Importer(815301076,1909f56bfc062723c751e8b465ee728b)  -> (artifact id: '658627a4274d50e5bfb8101f08084bae') in 0.023538 seconds
  Import took 0.027321 seconds .

========================================================================
Received Import Request.
  Time since last request: 3.896581 seconds.
  path: Assets/Materials/Answers/Answers1/2.png
  artifactKey: Guid(cec9c1637438e9640acb7a367c1de1d0) Importer(815301076,1909f56bfc062723c751e8b465ee728b)
Start importing Assets/Materials/Answers/Answers1/2.png using Guid(cec9c1637438e9640acb7a367c1de1d0) Importer(815301076,1909f56bfc062723c751e8b465ee728b)  -> (artifact id: 'bef1ab3a7140b0d232828419798a7a37') in 0.008507 seconds
  Import took 0.011496 seconds .

========================================================================
Received Import Request.
  Time since last request: 0.004013 seconds.
  path: Assets/Materials/Answers/Answers1/2.png
  artifactKey: Guid(cec9c1637438e9640acb7a367c1de1d0) Importer(815301076,1909f56bfc062723c751e8b465ee728b)
Start importing Assets/Materials/Answers/Answers1/2.png using Guid(cec9c1637438e9640acb7a367c1de1d0) Importer(815301076,1909f56bfc062723c751e8b465ee728b)  -> (artifact id: 'bef1ab3a7140b0d232828419798a7a37') in 0.007613 seconds
  Import took 0.011503 seconds .

========================================================================
Received Import Request.
  Time since last request: 51.616743 seconds.
  path: Assets/Materials/Answers/Answers1/3.png
  artifactKey: Guid(930f6230bf59bff4ca8472820e8f183c) Importer(815301076,1909f56bfc062723c751e8b465ee728b)
Start importing Assets/Materials/Answers/Answers1/3.png using Guid(930f6230bf59bff4ca8472820e8f183c) Importer(815301076,1909f56bfc062723c751e8b465ee728b)  -> (artifact id: 'e1aafcd227e2a08f8797c548e496f212') in 0.026838 seconds
  Import took 0.030678 seconds .

========================================================================
Received Import Request.
  Time since last request: 6.048263 seconds.
  path: Assets/Materials/Answers/Answers1/2.png
  artifactKey: Guid(930f6230bf59bff4ca8472820e8f183c) Importer(815301076,1909f56bfc062723c751e8b465ee728b)
Start importing Assets/Materials/Answers/Answers1/2.png using Guid(930f6230bf59bff4ca8472820e8f183c) Importer(815301076,1909f56bfc062723c751e8b465ee728b)  -> (artifact id: '103103d2cb39f00d4974bc9dd5e07b70') in 0.010564 seconds
  Import took 0.013876 seconds .

========================================================================
Received Import Request.
  Time since last request: 0.002146 seconds.
  path: Assets/Materials/Answers/Answers1/2.png
  artifactKey: Guid(930f6230bf59bff4ca8472820e8f183c) Importer(815301076,1909f56bfc062723c751e8b465ee728b)
Start importing Assets/Materials/Answers/Answers1/2.png using Guid(930f6230bf59bff4ca8472820e8f183c) Importer(815301076,1909f56bfc062723c751e8b465ee728b)  -> (artifact id: '103103d2cb39f00d4974bc9dd5e07b70') in 0.009732 seconds
  Import took 0.013834 seconds .

========================================================================
Received Prepare
Registering precompiled user dll's ...
Registered in 0.000819 seconds.
Begin MonoManager ReloadAssembly
Native extension for WindowsStandalone target not found
Refreshing native plugins compatible for Editor in 0.37 ms, found 0 plugins.
Preloading 0 native plugins for Editor in 0.00 ms.
Invoked RoslynAnalysisRunner static constructor.
RoslynAnalysisRunner will not be running.
RoslynAnalysisRunner has terminated.
Mono: successfully reloaded assembly
- Completed reload, in  1.192 seconds
Platform modules already initialized, skipping
Refreshing native plugins compatible for Editor in 0.84 ms, found 0 plugins.
Preloading 0 native plugins for Editor in 0.00 ms.
Unloading 1130 Unused Serialized files (Serialized files now loaded: 0)
System memory in use before: 75.1 MB.
System memory in use after: 75.2 MB.

Unloading 5 unused Assets to reduce memory usage. Loaded Objects now: 1669.
Total: 6.087700 ms (FindLiveObjects: 0.246800 ms CreateObjectMapping: 0.042500 ms MarkObjects: 5.634600 ms  DeleteObjects: 0.160300 ms)

========================================================================
Received Import Request.
  Time since last request: 144.725828 seconds.
  path: Assets/Materials/Answers/Answers1/4.png
  artifactKey: Guid(d7ce0456079441640bbf8325afeaf1d9) Importer(815301076,1909f56bfc062723c751e8b465ee728b)
Start importing Assets/Materials/Answers/Answers1/4.png using Guid(d7ce0456079441640bbf8325afeaf1d9) Importer(815301076,1909f56bfc062723c751e8b465ee728b)  -> (artifact id: '424d20106243f2c015241701d86cef83') in 0.065281 seconds
  Import took 0.068861 seconds .

========================================================================
Received Prepare
Registering precompiled user dll's ...
Registered in 0.000905 seconds.
Begin MonoManager ReloadAssembly
Native extension for WindowsStandalone target not found
Refreshing native plugins compatible for Editor in 0.34 ms, found 0 plugins.
Preloading 0 native plugins for Editor in 0.00 ms.
Invoked RoslynAnalysisRunner static constructor.
RoslynAnalysisRunner will not be running.
RoslynAnalysisRunner has terminated.
Mono: successfully reloaded assembly
- Completed reload, in  1.231 seconds
Platform modules already initialized, skipping
Refreshing native plugins compatible for Editor in 0.36 ms, found 0 plugins.
Preloading 0 native plugins for Editor in 0.00 ms.
Unloading 1130 Unused Serialized files (Serialized files now loaded: 0)
System memory in use before: 75.2 MB.
System memory in use after: 75.2 MB.

Unloading 5 unused Assets to reduce memory usage. Loaded Objects now: 1672.
Total: 2.423000 ms (FindLiveObjects: 0.208100 ms CreateObjectMapping: 0.036400 ms MarkObjects: 2.070300 ms  DeleteObjects: 0.106400 ms)

========================================================================
Received Import Request.
  Time since last request: 283.059873 seconds.
  path: Assets/Materials/Answers/Answers1/Answer1.mat
  artifactKey: Guid(8cdd442566c05ff4c8f419734b9c9f83) Importer(815301076,1909f56bfc062723c751e8b465ee728b)
Start importing Assets/Materials/Answers/Answers1/Answer1.mat using Guid(8cdd442566c05ff4c8f419734b9c9f83) Importer(815301076,1909f56bfc062723c751e8b465ee728b)  -> (artifact id: '8640f7861dda2669db445bbb198cad8e') in 0.092611 seconds
  Import took 0.096102 seconds .

========================================================================
Received Import Request.
  Time since last request: 0.000641 seconds.
  path: Assets/Materials/Answers/Answers1/Answer3.mat
  artifactKey: Guid(8ba7c7f84b01ac84dba4bf7a60501420) Importer(815301076,1909f56bfc062723c751e8b465ee728b)
Start importing Assets/Materials/Answers/Answers1/Answer3.mat using Guid(8ba7c7f84b01ac84dba4bf7a60501420) Importer(815301076,1909f56bfc062723c751e8b465ee728b)  -> (artifact id: '56e2a10b4902c32a611630515d71bd1a') in 0.017214 seconds
  Import took 0.020084 seconds .

========================================================================
Received Import Request.
  Time since last request: 0.000467 seconds.
  path: Assets/Materials/Answers/Answers1/Answer2.mat
  artifactKey: Guid(879da95e2ebcc0843b35b15ea3219d19) Importer(815301076,1909f56bfc062723c751e8b465ee728b)
Start importing Assets/Materials/Answers/Answers1/Answer2.mat using Guid(879da95e2ebcc0843b35b15ea3219d19) Importer(815301076,1909f56bfc062723c751e8b465ee728b)  -> (artifact id: 'd284c77c9b6b3d1e3f390ece413f52fc') in 0.023031 seconds
  Import took 0.028067 seconds .

========================================================================
Received Import Request.
  Time since last request: 7.187369 seconds.
  path: Assets/Materials/Answers/Answers1/1.png
  artifactKey: Guid(9844def2fd92176459ab22c235c04304) Importer(815301076,1909f56bfc062723c751e8b465ee728b)
Start importing Assets/Materials/Answers/Answers1/1.png using Guid(9844def2fd92176459ab22c235c04304) Importer(815301076,1909f56bfc062723c751e8b465ee728b)  -> (artifact id: 'e4d7a5376adeb9abc1b8091002d08d4b') in 0.030009 seconds
  Import took 0.032967 seconds .

========================================================================
Received Import Request.
  Time since last request: 0.000446 seconds.
  path: Assets/Materials/Answers/Answers1/2.png
  artifactKey: Guid(930f6230bf59bff4ca8472820e8f183c) Importer(815301076,1909f56bfc062723c751e8b465ee728b)
Start importing Assets/Materials/Answers/Answers1/2.png using Guid(930f6230bf59bff4ca8472820e8f183c) Importer(815301076,1909f56bfc062723c751e8b465ee728b)  -> (artifact id: '5e3450f7253c7d67982aac3fbd0a1e41') in 0.014885 seconds
  Import took 0.018795 seconds .

========================================================================
Received Import Request.
  Time since last request: 0.000386 seconds.
  path: Assets/Materials/Answers/Answers1/4.png
  artifactKey: Guid(d7ce0456079441640bbf8325afeaf1d9) Importer(815301076,1909f56bfc062723c751e8b465ee728b)
Start importing Assets/Materials/Answers/Answers1/4.png using Guid(d7ce0456079441640bbf8325afeaf1d9) Importer(815301076,1909f56bfc062723c751e8b465ee728b)  -> (artifact id: '62613e6a84d004a8bd959cbd744dcecb') in 0.015345 seconds
  Import took 0.019383 seconds .

========================================================================
Received Import Request.
  Time since last request: 67.615442 seconds.
  path: Assets/Scripts
  artifactKey: Guid(0bbf5fb5d4e48094eb081597107627b0) Importer(815301076,1909f56bfc062723c751e8b465ee728b)
Start importing Assets/Scripts using Guid(0bbf5fb5d4e48094eb081597107627b0) Importer(815301076,1909f56bfc062723c751e8b465ee728b)  -> (artifact id: '56705521cc7139332924f989d4a92269') in 0.011048 seconds
  Import took 0.014473 seconds .

========================================================================
Received Prepare
Registering precompiled user dll's ...
Registered in 0.001063 seconds.
Begin MonoManager ReloadAssembly
Native extension for WindowsStandalone target not found
Refreshing native plugins compatible for Editor in 0.43 ms, found 0 plugins.
Preloading 0 native plugins for Editor in 0.00 ms.
Invoked RoslynAnalysisRunner static constructor.
RoslynAnalysisRunner will not be running.
RoslynAnalysisRunner has terminated.
Mono: successfully reloaded assembly
- Completed reload, in  1.234 seconds
Platform modules already initialized, skipping
Refreshing native plugins compatible for Editor in 0.32 ms, found 0 plugins.
Preloading 0 native plugins for Editor in 0.00 ms.
Unloading 1130 Unused Serialized files (Serialized files now loaded: 0)
System memory in use before: 75.2 MB.
System memory in use after: 75.3 MB.

Unloading 5 unused Assets to reduce memory usage. Loaded Objects now: 1678.
Total: 2.282100 ms (FindLiveObjects: 0.258600 ms CreateObjectMapping: 0.070100 ms MarkObjects: 1.855100 ms  DeleteObjects: 0.096200 ms)

========================================================================
Received Import Request.
  Time since last request: 28.424017 seconds.
  path: Assets/Scripts/UpBlock.cs
  artifactKey: Guid(a5d292daa3425394db04349d47a43857) Importer(815301076,1909f56bfc062723c751e8b465ee728b)
Start importing Assets/Scripts/UpBlock.cs using Guid(a5d292daa3425394db04349d47a43857) Importer(815301076,1909f56bfc062723c751e8b465ee728b)  -> (artifact id: 'ced49874761a6ab133c85293db3ffc47') in 0.044151 seconds
  Import took 0.047996 seconds .

========================================================================
Received Prepare
Registering precompiled user dll's ...
Registered in 0.000972 seconds.
Begin MonoManager ReloadAssembly
Native extension for WindowsStandalone target not found
Refreshing native plugins compatible for Editor in 0.44 ms, found 0 plugins.
Preloading 0 native plugins for Editor in 0.00 ms.
Invoked RoslynAnalysisRunner static constructor.
RoslynAnalysisRunner will not be running.
RoslynAnalysisRunner has terminated.
Mono: successfully reloaded assembly
- Completed reload, in  1.289 seconds
Platform modules already initialized, skipping
Refreshing native plugins compatible for Editor in 0.36 ms, found 0 plugins.
Preloading 0 native plugins for Editor in 0.00 ms.
Unloading 1131 Unused Serialized files (Serialized files now loaded: 0)
System memory in use before: 75.3 MB.
System memory in use after: 75.3 MB.

Unloading 5 unused Assets to reduce memory usage. Loaded Objects now: 1682.
Total: 2.807400 ms (FindLiveObjects: 0.336000 ms CreateObjectMapping: 0.068500 ms MarkObjects: 2.289500 ms  DeleteObjects: 0.110900 ms)

========================================================================
Received Import Request.
  Time since last request: 260.132607 seconds.
  path: Assets/Scripts/UpBlock.cs
  artifactKey: Guid(a5d292daa3425394db04349d47a43857) Importer(815301076,1909f56bfc062723c751e8b465ee728b)
Start importing Assets/Scripts/UpBlock.cs using Guid(a5d292daa3425394db04349d47a43857) Importer(815301076,1909f56bfc062723c751e8b465ee728b)  -> (artifact id: '90f4a7d30930822c66e080f88834da6b') in 0.009407 seconds
  Import took 0.012907 seconds .

========================================================================
Received Import Request.
  Time since last request: 0.035089 seconds.
  path: Assets/Scripts/UpBlock.cs
  artifactKey: Guid(a5d292daa3425394db04349d47a43857) Importer(815301076,1909f56bfc062723c751e8b465ee728b)
Start importing Assets/Scripts/UpBlock.cs using Guid(a5d292daa3425394db04349d47a43857) Importer(815301076,1909f56bfc062723c751e8b465ee728b)  -> (artifact id: '90f4a7d30930822c66e080f88834da6b') in 0.004056 seconds
  Import took 0.008521 seconds .

========================================================================
Received Import Request.
  Time since last request: 17.236963 seconds.
  path: Assets/Scripts/UpBlock.cs
  artifactKey: Guid(a5d292daa3425394db04349d47a43857) Importer(815301076,1909f56bfc062723c751e8b465ee728b)
Start importing Assets/Scripts/UpBlock.cs using Guid(a5d292daa3425394db04349d47a43857) Importer(815301076,1909f56bfc062723c751e8b465ee728b)  -> (artifact id: 'afd700c49884a1b2891d5d68e982a9a4') in 0.004511 seconds
  Import took 0.009400 seconds .

========================================================================
Received Prepare
Registering precompiled user dll's ...
Registered in 0.000958 seconds.
Begin MonoManager ReloadAssembly
Native extension for WindowsStandalone target not found
Refreshing native plugins compatible for Editor in 0.34 ms, found 0 plugins.
Preloading 0 native plugins for Editor in 0.00 ms.
Invoked RoslynAnalysisRunner static constructor.
RoslynAnalysisRunner will not be running.
RoslynAnalysisRunner has terminated.
Mono: successfully reloaded assembly
- Completed reload, in  1.376 seconds
Platform modules already initialized, skipping
Refreshing native plugins compatible for Editor in 0.31 ms, found 0 plugins.
Preloading 0 native plugins for Editor in 0.00 ms.
Unloading 1131 Unused Serialized files (Serialized files now loaded: 0)
System memory in use before: 75.3 MB.
System memory in use after: 75.3 MB.

Unloading 5 unused Assets to reduce memory usage. Loaded Objects now: 1685.
Total: 2.769200 ms (FindLiveObjects: 0.495300 ms CreateObjectMapping: 0.052100 ms MarkObjects: 2.110400 ms  DeleteObjects: 0.109000 ms)

========================================================================
Received Import Request.
  Time since last request: 17.355716 seconds.
  path: Assets/Scripts/UpBlock.cs
  artifactKey: Guid(a5d292daa3425394db04349d47a43857) Importer(815301076,1909f56bfc062723c751e8b465ee728b)
Start importing Assets/Scripts/UpBlock.cs using Guid(a5d292daa3425394db04349d47a43857) Importer(815301076,1909f56bfc062723c751e8b465ee728b)  -> (artifact id: 'a7e6f3ef8c61be6ae281106f82d131dd') in 0.005556 seconds
  Import took 0.009100 seconds .

========================================================================
Received Prepare
Registering precompiled user dll's ...
Registered in 0.001215 seconds.
Begin MonoManager ReloadAssembly
Native extension for WindowsStandalone target not found
Refreshing native plugins compatible for Editor in 0.35 ms, found 0 plugins.
Preloading 0 native plugins for Editor in 0.00 ms.
Invoked RoslynAnalysisRunner static constructor.
RoslynAnalysisRunner will not be running.
RoslynAnalysisRunner has terminated.
Mono: successfully reloaded assembly
- Completed reload, in  1.228 seconds
Platform modules already initialized, skipping
Refreshing native plugins compatible for Editor in 0.32 ms, found 0 plugins.
Preloading 0 native plugins for Editor in 0.00 ms.
Unloading 1131 Unused Serialized files (Serialized files now loaded: 0)
System memory in use before: 75.3 MB.
System memory in use after: 75.4 MB.

Unloading 5 unused Assets to reduce memory usage. Loaded Objects now: 1688.
Total: 3.110900 ms (FindLiveObjects: 0.262300 ms CreateObjectMapping: 0.042300 ms MarkObjects: 2.700700 ms  DeleteObjects: 0.103500 ms)

========================================================================
Received Prepare
Registering precompiled user dll's ...
Registered in 0.001117 seconds.
Begin MonoManager ReloadAssembly
Native extension for WindowsStandalone target not found
Refreshing native plugins compatible for Editor in 0.43 ms, found 0 plugins.
Preloading 0 native plugins for Editor in 0.00 ms.
Invoked RoslynAnalysisRunner static constructor.
RoslynAnalysisRunner will not be running.
RoslynAnalysisRunner has terminated.
Mono: successfully reloaded assembly
- Completed reload, in  1.301 seconds
Platform modules already initialized, skipping
Refreshing native plugins compatible for Editor in 0.35 ms, found 0 plugins.
Preloading 0 native plugins for Editor in 0.00 ms.
Unloading 1131 Unused Serialized files (Serialized files now loaded: 0)
System memory in use before: 75.3 MB.
System memory in use after: 75.4 MB.

Unloading 5 unused Assets to reduce memory usage. Loaded Objects now: 1691.
Total: 3.289100 ms (FindLiveObjects: 0.351400 ms CreateObjectMapping: 0.087300 ms MarkObjects: 2.716400 ms  DeleteObjects: 0.130700 ms)

========================================================================
Received Import Request.
  Time since last request: 61.102832 seconds.
  path: Assets/Scripts/UpBlock.cs
  artifactKey: Guid(a5d292daa3425394db04349d47a43857) Importer(815301076,1909f56bfc062723c751e8b465ee728b)
Start importing Assets/Scripts/UpBlock.cs using Guid(a5d292daa3425394db04349d47a43857) Importer(815301076,1909f56bfc062723c751e8b465ee728b)  -> (artifact id: '0058795219a259191a62a441beb5949b') in 0.006838 seconds
  Import took 0.009966 seconds .

========================================================================
Received Prepare
Registering precompiled user dll's ...
Registered in 0.000883 seconds.
Begin MonoManager ReloadAssembly
Native extension for WindowsStandalone target not found
Refreshing native plugins compatible for Editor in 0.56 ms, found 0 plugins.
Preloading 0 native plugins for Editor in 0.00 ms.
Invoked RoslynAnalysisRunner static constructor.
RoslynAnalysisRunner will not be running.
RoslynAnalysisRunner has terminated.
Mono: successfully reloaded assembly
- Completed reload, in  1.643 seconds
Platform modules already initialized, skipping
Refreshing native plugins compatible for Editor in 0.34 ms, found 0 plugins.
Preloading 0 native plugins for Editor in 0.00 ms.
Unloading 1131 Unused Serialized files (Serialized files now loaded: 0)
System memory in use before: 75.3 MB.
System memory in use after: 75.4 MB.

Unloading 5 unused Assets to reduce memory usage. Loaded Objects now: 1694.
Total: 2.901600 ms (FindLiveObjects: 0.273600 ms CreateObjectMapping: 0.051100 ms MarkObjects: 2.450700 ms  DeleteObjects: 0.123300 ms)

========================================================================
Received Prepare
Registering precompiled user dll's ...
Registered in 0.000953 seconds.
Begin MonoManager ReloadAssembly
Native extension for WindowsStandalone target not found
Refreshing native plugins compatible for Editor in 0.42 ms, found 0 plugins.
Preloading 0 native plugins for Editor in 0.00 ms.
Invoked RoslynAnalysisRunner static constructor.
RoslynAnalysisRunner will not be running.
RoslynAnalysisRunner has terminated.
Mono: successfully reloaded assembly
- Completed reload, in  1.267 seconds
Platform modules already initialized, skipping
Refreshing native plugins compatible for Editor in 0.36 ms, found 0 plugins.
Preloading 0 native plugins for Editor in 0.00 ms.
Unloading 1131 Unused Serialized files (Serialized files now loaded: 0)
System memory in use before: 75.3 MB.
System memory in use after: 75.4 MB.

Unloading 5 unused Assets to reduce memory usage. Loaded Objects now: 1697.
Total: 3.036000 ms (FindLiveObjects: 0.275800 ms CreateObjectMapping: 0.065600 ms MarkObjects: 2.576800 ms  DeleteObjects: 0.114200 ms)

========================================================================
Received Prepare
Registering precompiled user dll's ...
Registered in 0.001268 seconds.
Begin MonoManager ReloadAssembly
Native extension for WindowsStandalone target not found
Refreshing native plugins compatible for Editor in 0.36 ms, found 0 plugins.
Preloading 0 native plugins for Editor in 0.00 ms.
Invoked RoslynAnalysisRunner static constructor.
RoslynAnalysisRunner will not be running.
RoslynAnalysisRunner has terminated.
Mono: successfully reloaded assembly
- Completed reload, in  1.425 seconds
Platform modules already initialized, skipping
Refreshing native plugins compatible for Editor in 0.44 ms, found 0 plugins.
Preloading 0 native plugins for Editor in 0.00 ms.
Unloading 1131 Unused Serialized files (Serialized files now loaded: 0)
System memory in use before: 75.3 MB.
System memory in use after: 75.4 MB.

Unloading 5 unused Assets to reduce memory usage. Loaded Objects now: 1700.
Total: 2.326300 ms (FindLiveObjects: 0.288400 ms CreateObjectMapping: 0.063700 ms MarkObjects: 1.877300 ms  DeleteObjects: 0.095000 ms)

========================================================================
Received Prepare
Registering precompiled user dll's ...
Registered in 0.001005 seconds.
Begin MonoManager ReloadAssembly
Native extension for WindowsStandalone target not found
Refreshing native plugins compatible for Editor in 0.33 ms, found 0 plugins.
Preloading 0 native plugins for Editor in 0.00 ms.
Invoked RoslynAnalysisRunner static constructor.
RoslynAnalysisRunner will not be running.
RoslynAnalysisRunner has terminated.
Mono: successfully reloaded assembly
- Completed reload, in  1.354 seconds
Platform modules already initialized, skipping
Refreshing native plugins compatible for Editor in 0.32 ms, found 0 plugins.
Preloading 0 native plugins for Editor in 0.00 ms.
Unloading 1131 Unused Serialized files (Serialized files now loaded: 0)
System memory in use before: 75.3 MB.
System memory in use after: 75.4 MB.

Unloading 5 unused Assets to reduce memory usage. Loaded Objects now: 1703.
Total: 3.096800 ms (FindLiveObjects: 0.448800 ms CreateObjectMapping: 0.135000 ms MarkObjects: 2.400600 ms  DeleteObjects: 0.109900 ms)

========================================================================
Received Prepare
Registering precompiled user dll's ...
Registered in 0.001191 seconds.
Begin MonoManager ReloadAssembly
Native extension for WindowsStandalone target not found
Refreshing native plugins compatible for Editor in 0.43 ms, found 0 plugins.
Preloading 0 native plugins for Editor in 0.00 ms.
Invoked RoslynAnalysisRunner static constructor.
RoslynAnalysisRunner will not be running.
RoslynAnalysisRunner has terminated.
Mono: successfully reloaded assembly
- Completed reload, in  1.360 seconds
Platform modules already initialized, skipping
Refreshing native plugins compatible for Editor in 0.33 ms, found 0 plugins.
Preloading 0 native plugins for Editor in 0.00 ms.
Unloading 1131 Unused Serialized files (Serialized files now loaded: 0)
System memory in use before: 75.3 MB.
System memory in use after: 75.4 MB.

Unloading 5 unused Assets to reduce memory usage. Loaded Objects now: 1706.
Total: 3.046600 ms (FindLiveObjects: 0.403500 ms CreateObjectMapping: 0.063100 ms MarkObjects: 2.456200 ms  DeleteObjects: 0.119900 ms)

========================================================================
Received Prepare
Registering precompiled user dll's ...
Registered in 0.001741 seconds.
Begin MonoManager ReloadAssembly
Native extension for WindowsStandalone target not found
Refreshing native plugins compatible for Editor in 0.40 ms, found 0 plugins.
Preloading 0 native plugins for Editor in 0.00 ms.
Invoked RoslynAnalysisRunner static constructor.
RoslynAnalysisRunner will not be running.
RoslynAnalysisRunner has terminated.
Mono: successfully reloaded assembly
- Completed reload, in  1.565 seconds
Platform modules already initialized, skipping
Refreshing native plugins compatible for Editor in 0.39 ms, found 0 plugins.
Preloading 0 native plugins for Editor in 0.00 ms.
Unloading 1131 Unused Serialized files (Serialized files now loaded: 0)
System memory in use before: 75.3 MB.
System memory in use after: 75.4 MB.

Unloading 5 unused Assets to reduce memory usage. Loaded Objects now: 1709.
Total: 4.085500 ms (FindLiveObjects: 0.512600 ms CreateObjectMapping: 0.074000 ms MarkObjects: 3.344400 ms  DeleteObjects: 0.150300 ms)

========================================================================
Received Prepare
Registering precompiled user dll's ...
Registered in 0.001092 seconds.
Begin MonoManager ReloadAssembly
Native extension for WindowsStandalone target not found
Refreshing native plugins compatible for Editor in 0.59 ms, found 0 plugins.
Preloading 0 native plugins for Editor in 0.00 ms.
Invoked RoslynAnalysisRunner static constructor.
RoslynAnalysisRunner will not be running.
RoslynAnalysisRunner has terminated.
Mono: successfully reloaded assembly
- Completed reload, in  1.795 seconds
Platform modules already initialized, skipping
Refreshing native plugins compatible for Editor in 0.40 ms, found 0 plugins.
Preloading 0 native plugins for Editor in 0.00 ms.
Unloading 1131 Unused Serialized files (Serialized files now loaded: 0)
System memory in use before: 75.3 MB.
System memory in use after: 75.4 MB.

Unloading 5 unused Assets to reduce memory usage. Loaded Objects now: 1712.
Total: 2.891700 ms (FindLiveObjects: 0.271900 ms CreateObjectMapping: 0.051400 ms MarkObjects: 2.447200 ms  DeleteObjects: 0.119000 ms)

========================================================================
Received Prepare
Registering precompiled user dll's ...
Registered in 0.001364 seconds.
Begin MonoManager ReloadAssembly
Native extension for WindowsStandalone target not found
Refreshing native plugins compatible for Editor in 0.36 ms, found 0 plugins.
Preloading 0 native plugins for Editor in 0.00 ms.
Invoked RoslynAnalysisRunner static constructor.
RoslynAnalysisRunner will not be running.
RoslynAnalysisRunner has terminated.
Mono: successfully reloaded assembly
- Completed reload, in  1.314 seconds
Platform modules already initialized, skipping
Refreshing native plugins compatible for Editor in 0.34 ms, found 0 plugins.
Preloading 0 native plugins for Editor in 0.00 ms.
Unloading 1131 Unused Serialized files (Serialized files now loaded: 0)
System memory in use before: 75.3 MB.
System memory in use after: 75.4 MB.

Unloading 5 unused Assets to reduce memory usage. Loaded Objects now: 1715.
Total: 2.576400 ms (FindLiveObjects: 0.346600 ms CreateObjectMapping: 0.055700 ms MarkObjects: 2.067500 ms  DeleteObjects: 0.104900 ms)

========================================================================
Received Import Request.
  Time since last request: 518.299037 seconds.
  path: Assets/Scripts/Area.cs
  artifactKey: Guid(9b89401a6b0bf344bb6e57bd99904bbf) Importer(815301076,1909f56bfc062723c751e8b465ee728b)
Start importing Assets/Scripts/Area.cs using Guid(9b89401a6b0bf344bb6e57bd99904bbf) Importer(815301076,1909f56bfc062723c751e8b465ee728b)  -> (artifact id: 'b2a09d2eb03540f066ece35e2e8bab32') in 0.013735 seconds
  Import took 0.035476 seconds .

========================================================================
Received Import Request.
  Time since last request: 0.028287 seconds.
  path: Assets/Scripts/Area.cs
  artifactKey: Guid(9b89401a6b0bf344bb6e57bd99904bbf) Importer(815301076,1909f56bfc062723c751e8b465ee728b)
Start importing Assets/Scripts/Area.cs using Guid(9b89401a6b0bf344bb6e57bd99904bbf) Importer(815301076,1909f56bfc062723c751e8b465ee728b)  -> (artifact id: 'b2a09d2eb03540f066ece35e2e8bab32') in 0.002950 seconds
  Import took 0.005738 seconds .

========================================================================
Received Prepare
Registering precompiled user dll's ...
Registered in 0.001034 seconds.
Begin MonoManager ReloadAssembly
Native extension for WindowsStandalone target not found
Refreshing native plugins compatible for Editor in 0.47 ms, found 0 plugins.
Preloading 0 native plugins for Editor in 0.00 ms.
Invoked RoslynAnalysisRunner static constructor.
RoslynAnalysisRunner will not be running.
RoslynAnalysisRunner has terminated.
Mono: successfully reloaded assembly
- Completed reload, in  1.387 seconds
Platform modules already initialized, skipping
Refreshing native plugins compatible for Editor in 0.44 ms, found 0 plugins.
Preloading 0 native plugins for Editor in 0.00 ms.
Unloading 1131 Unused Serialized files (Serialized files now loaded: 0)
System memory in use before: 75.3 MB.
System memory in use after: 75.4 MB.

Unloading 5 unused Assets to reduce memory usage. Loaded Objects now: 1718.
Total: 3.483400 ms (FindLiveObjects: 0.263400 ms CreateObjectMapping: 0.049000 ms MarkObjects: 3.041100 ms  DeleteObjects: 0.127100 ms)

========================================================================
Received Prepare
Registering precompiled user dll's ...
Registered in 0.000864 seconds.
Begin MonoManager ReloadAssembly
Native extension for WindowsStandalone target not found
Refreshing native plugins compatible for Editor in 0.35 ms, found 0 plugins.
Preloading 0 native plugins for Editor in 0.00 ms.
Invoked RoslynAnalysisRunner static constructor.
RoslynAnalysisRunner will not be running.
RoslynAnalysisRunner has terminated.
Mono: successfully reloaded assembly
- Completed reload, in  1.363 seconds
Platform modules already initialized, skipping
Refreshing native plugins compatible for Editor in 0.34 ms, found 0 plugins.
Preloading 0 native plugins for Editor in 0.00 ms.
Unloading 1131 Unused Serialized files (Serialized files now loaded: 0)
System memory in use before: 75.3 MB.
System memory in use after: 75.4 MB.

Unloading 5 unused Assets to reduce memory usage. Loaded Objects now: 1721.
Total: 2.385100 ms (FindLiveObjects: 0.266000 ms CreateObjectMapping: 0.046800 ms MarkObjects: 1.967400 ms  DeleteObjects: 0.102700 ms)

========================================================================
Received Prepare
Registering precompiled user dll's ...
Registered in 0.001051 seconds.
Begin MonoManager ReloadAssembly
Native extension for WindowsStandalone target not found
Refreshing native plugins compatible for Editor in 0.32 ms, found 0 plugins.
Preloading 0 native plugins for Editor in 0.00 ms.
Invoked RoslynAnalysisRunner static constructor.
RoslynAnalysisRunner will not be running.
RoslynAnalysisRunner has terminated.
Mono: successfully reloaded assembly
- Completed reload, in  1.419 seconds
Platform modules already initialized, skipping
Refreshing native plugins compatible for Editor in 0.40 ms, found 0 plugins.
Preloading 0 native plugins for Editor in 0.00 ms.
Unloading 1131 Unused Serialized files (Serialized files now loaded: 0)
System memory in use before: 75.3 MB.
System memory in use after: 75.4 MB.

Unloading 5 unused Assets to reduce memory usage. Loaded Objects now: 1724.
Total: 2.457400 ms (FindLiveObjects: 0.229500 ms CreateObjectMapping: 0.040400 ms MarkObjects: 2.079700 ms  DeleteObjects: 0.104500 ms)

========================================================================
Received Prepare
Registering precompiled user dll's ...
Registered in 0.001116 seconds.
Begin MonoManager ReloadAssembly
Native extension for WindowsStandalone target not found
Refreshing native plugins compatible for Editor in 0.73 ms, found 0 plugins.
Preloading 0 native plugins for Editor in 0.00 ms.
Invoked RoslynAnalysisRunner static constructor.
RoslynAnalysisRunner will not be running.
RoslynAnalysisRunner has terminated.
Mono: successfully reloaded assembly
- Completed reload, in  1.494 seconds
Platform modules already initialized, skipping
Refreshing native plugins compatible for Editor in 0.36 ms, found 0 plugins.
Preloading 0 native plugins for Editor in 0.00 ms.
Unloading 1131 Unused Serialized files (Serialized files now loaded: 0)
System memory in use before: 75.3 MB.
System memory in use after: 75.4 MB.

Unloading 5 unused Assets to reduce memory usage. Loaded Objects now: 1727.
Total: 2.954700 ms (FindLiveObjects: 0.279600 ms CreateObjectMapping: 0.056200 ms MarkObjects: 2.494900 ms  DeleteObjects: 0.121700 ms)

========================================================================
Received Prepare
Registering precompiled user dll's ...
Registered in 0.000957 seconds.
Begin MonoManager ReloadAssembly
Native extension for WindowsStandalone target not found
Refreshing native plugins compatible for Editor in 0.49 ms, found 0 plugins.
Preloading 0 native plugins for Editor in 0.00 ms.
Invoked RoslynAnalysisRunner static constructor.
RoslynAnalysisRunner will not be running.
RoslynAnalysisRunner has terminated.
Mono: successfully reloaded assembly
- Completed reload, in  1.403 seconds
Platform modules already initialized, skipping
Refreshing native plugins compatible for Editor in 0.35 ms, found 0 plugins.
Preloading 0 native plugins for Editor in 0.00 ms.
Unloading 1130 Unused Serialized files (Serialized files now loaded: 0)
System memory in use before: 75.3 MB.
System memory in use after: 75.4 MB.

Unloading 6 unused Assets to reduce memory usage. Loaded Objects now: 1729.
Total: 2.966500 ms (FindLiveObjects: 0.285000 ms CreateObjectMapping: 0.068400 ms MarkObjects: 2.495900 ms  DeleteObjects: 0.114200 ms)

========================================================================
Received Prepare
Registering precompiled user dll's ...
Registered in 0.001268 seconds.
Begin MonoManager ReloadAssembly
Native extension for WindowsStandalone target not found
Refreshing native plugins compatible for Editor in 0.37 ms, found 0 plugins.
Preloading 0 native plugins for Editor in 0.00 ms.
Invoked RoslynAnalysisRunner static constructor.
RoslynAnalysisRunner will not be running.
RoslynAnalysisRunner has terminated.
Mono: successfully reloaded assembly
- Completed reload, in  1.328 seconds
Platform modules already initialized, skipping
Refreshing native plugins compatible for Editor in 0.43 ms, found 0 plugins.
Preloading 0 native plugins for Editor in 0.00 ms.
Unloading 1130 Unused Serialized files (Serialized files now loaded: 0)
System memory in use before: 75.3 MB.
System memory in use after: 75.4 MB.

Unloading 5 unused Assets to reduce memory usage. Loaded Objects now: 1732.
Total: 3.162600 ms (FindLiveObjects: 0.392400 ms CreateObjectMapping: 0.092700 ms MarkObjects: 2.553200 ms  DeleteObjects: 0.121900 ms)

========================================================================
Received Prepare
Registering precompiled user dll's ...
Registered in 0.000956 seconds.
Begin MonoManager ReloadAssembly
Native extension for WindowsStandalone target not found
Refreshing native plugins compatible for Editor in 0.51 ms, found 0 plugins.
Preloading 0 native plugins for Editor in 0.00 ms.
Invoked RoslynAnalysisRunner static constructor.
RoslynAnalysisRunner will not be running.
RoslynAnalysisRunner has terminated.
Mono: successfully reloaded assembly
- Completed reload, in  1.498 seconds
Platform modules already initialized, skipping
Refreshing native plugins compatible for Editor in 0.32 ms, found 0 plugins.
Preloading 0 native plugins for Editor in 0.00 ms.
Unloading 1130 Unused Serialized files (Serialized files now loaded: 0)
System memory in use before: 75.3 MB.
System memory in use after: 75.4 MB.

Unloading 5 unused Assets to reduce memory usage. Loaded Objects now: 1735.
Total: 2.849100 ms (FindLiveObjects: 0.273800 ms CreateObjectMapping: 0.061200 ms MarkObjects: 2.392000 ms  DeleteObjects: 0.119100 ms)

========================================================================
Received Prepare
Registering precompiled user dll's ...
Registered in 0.001743 seconds.
Begin MonoManager ReloadAssembly
Native extension for WindowsStandalone target not found
Refreshing native plugins compatible for Editor in 1.38 ms, found 0 plugins.
Preloading 0 native plugins for Editor in 0.00 ms.
Invoked RoslynAnalysisRunner static constructor.
RoslynAnalysisRunner will not be running.
RoslynAnalysisRunner has terminated.
Mono: successfully reloaded assembly
- Completed reload, in  2.418 seconds
Platform modules already initialized, skipping
Refreshing native plugins compatible for Editor in 1.19 ms, found 0 plugins.
Preloading 0 native plugins for Editor in 0.00 ms.
Unloading 1130 Unused Serialized files (Serialized files now loaded: 0)
System memory in use before: 75.3 MB.
System memory in use after: 75.4 MB.

Unloading 5 unused Assets to reduce memory usage. Loaded Objects now: 1738.
Total: 6.184700 ms (FindLiveObjects: 0.756100 ms CreateObjectMapping: 0.105200 ms MarkObjects: 5.186000 ms  DeleteObjects: 0.133800 ms)

========================================================================
Received Import Request.
  Time since last request: 312.214846 seconds.
  path: Assets/Materials/Answers/Answers1/3.png
  artifactKey: Guid(d7ce0456079441640bbf8325afeaf1d9) Importer(815301076,1909f56bfc062723c751e8b465ee728b)
Start importing Assets/Materials/Answers/Answers1/3.png using Guid(d7ce0456079441640bbf8325afeaf1d9) Importer(815301076,1909f56bfc062723c751e8b465ee728b)  -> (artifact id: '21a755ebaebbbbba99f481dec6618f13') in 0.063271 seconds
  Import took 0.066427 seconds .

========================================================================
Received Import Request.
  Time since last request: 10.827698 seconds.
  path: Assets/Materials/Answers/Answers1/Question.mat
  artifactKey: Guid(bcb732e386518f24eade2d93f0d15871) Importer(815301076,1909f56bfc062723c751e8b465ee728b)
Start importing Assets/Materials/Answers/Answers1/Question.mat using Guid(bcb732e386518f24eade2d93f0d15871) Importer(815301076,1909f56bfc062723c751e8b465ee728b)  -> (artifact id: '83eada5609027a0abf330df3c9af93ad') in 0.060329 seconds
  Import took 0.063614 seconds .

========================================================================
Received Prepare
Registering precompiled user dll's ...
Registered in 0.000848 seconds.
Begin MonoManager ReloadAssembly
Native extension for WindowsStandalone target not found
Refreshing native plugins compatible for Editor in 0.34 ms, found 0 plugins.
Preloading 0 native plugins for Editor in 0.00 ms.
Invoked RoslynAnalysisRunner static constructor.
RoslynAnalysisRunner will not be running.
RoslynAnalysisRunner has terminated.
Mono: successfully reloaded assembly
- Completed reload, in  1.311 seconds
Platform modules already initialized, skipping
Refreshing native plugins compatible for Editor in 0.33 ms, found 0 plugins.
Preloading 0 native plugins for Editor in 0.00 ms.
Unloading 1130 Unused Serialized files (Serialized files now loaded: 0)
System memory in use before: 75.4 MB.
System memory in use after: 75.5 MB.

Unloading 5 unused Assets to reduce memory usage. Loaded Objects now: 1743.
Total: 2.955800 ms (FindLiveObjects: 0.315000 ms CreateObjectMapping: 0.062100 ms MarkObjects: 2.459100 ms  DeleteObjects: 0.117300 ms)

========================================================================
Received Import Request.
  Time since last request: 256.702766 seconds.
  path: Assets/Materials/Answers/Answers1/5.png
  artifactKey: Guid(8384a33401a5e8f4191aa3aea937fe78) Importer(815301076,1909f56bfc062723c751e8b465ee728b)
Start importing Assets/Materials/Answers/Answers1/5.png using Guid(8384a33401a5e8f4191aa3aea937fe78) Importer(815301076,1909f56bfc062723c751e8b465ee728b)  -> (artifact id: '0661d7751d1bfa8b5c1211dd77482103') in 0.062675 seconds
  Import took 0.172715 seconds .

========================================================================
Received Prepare
Registering precompiled user dll's ...
Registered in 0.000953 seconds.
Begin MonoManager ReloadAssembly
Native extension for WindowsStandalone target not found
Refreshing native plugins compatible for Editor in 0.34 ms, found 0 plugins.
Preloading 0 native plugins for Editor in 0.00 ms.
Invoked RoslynAnalysisRunner static constructor.
RoslynAnalysisRunner will not be running.
RoslynAnalysisRunner has terminated.
Mono: successfully reloaded assembly
- Completed reload, in  1.255 seconds
Platform modules already initialized, skipping
Refreshing native plugins compatible for Editor in 0.38 ms, found 0 plugins.
Preloading 0 native plugins for Editor in 0.00 ms.
Unloading 1130 Unused Serialized files (Serialized files now loaded: 0)
System memory in use before: 75.4 MB.
System memory in use after: 75.5 MB.

Unloading 5 unused Assets to reduce memory usage. Loaded Objects now: 1747.
Total: 2.929900 ms (FindLiveObjects: 0.280900 ms CreateObjectMapping: 0.053100 ms MarkObjects: 2.475900 ms  DeleteObjects: 0.116800 ms)

========================================================================
Received Import Request.
  Time since last request: 147.838278 seconds.
  path: Assets/Materials/Answers/Answers1/5 1.png
  artifactKey: Guid(428d7db5f8286884cb8b5427abd1946c) Importer(815301076,1909f56bfc062723c751e8b465ee728b)
Start importing Assets/Materials/Answers/Answers1/5 1.png using Guid(428d7db5f8286884cb8b5427abd1946c) Importer(815301076,1909f56bfc062723c751e8b465ee728b)  -> (artifact id: '0d314cf40584ed59fd9b77236e2087a1') in 0.061746 seconds
  Import took 0.112280 seconds .

========================================================================
Received Prepare
Registering precompiled user dll's ...
Registered in 0.001042 seconds.
Begin MonoManager ReloadAssembly
Native extension for WindowsStandalone target not found
Refreshing native plugins compatible for Editor in 0.32 ms, found 0 plugins.
Preloading 0 native plugins for Editor in 0.00 ms.
Invoked RoslynAnalysisRunner static constructor.
RoslynAnalysisRunner will not be running.
RoslynAnalysisRunner has terminated.
Mono: successfully reloaded assembly
- Completed reload, in  1.144 seconds
Platform modules already initialized, skipping
Refreshing native plugins compatible for Editor in 0.37 ms, found 0 plugins.
Preloading 0 native plugins for Editor in 0.00 ms.
Unloading 1130 Unused Serialized files (Serialized files now loaded: 0)
System memory in use before: 75.4 MB.
System memory in use after: 75.5 MB.

Unloading 5 unused Assets to reduce memory usage. Loaded Objects now: 1751.
Total: 2.687300 ms (FindLiveObjects: 0.328300 ms CreateObjectMapping: 0.071700 ms MarkObjects: 2.164700 ms  DeleteObjects: 0.119700 ms)

========================================================================
Received Import Request.
  Time since last request: 97.693748 seconds.
  path: Assets/Materials/Answers/Answers1/5.png
  artifactKey: Guid(8384a33401a5e8f4191aa3aea937fe78) Importer(815301076,1909f56bfc062723c751e8b465ee728b)
Start importing Assets/Materials/Answers/Answers1/5.png using Guid(8384a33401a5e8f4191aa3aea937fe78) Importer(815301076,1909f56bfc062723c751e8b465ee728b)  -> (artifact id: '306785660d843147291522a010b1fa6e') in 0.056696 seconds
  Import took 0.081457 seconds .

========================================================================
Received Prepare
Registering precompiled user dll's ...
Registered in 0.000991 seconds.
Begin MonoManager ReloadAssembly
Native extension for WindowsStandalone target not found
Refreshing native plugins compatible for Editor in 0.36 ms, found 0 plugins.
Preloading 0 native plugins for Editor in 0.00 ms.
Invoked RoslynAnalysisRunner static constructor.
RoslynAnalysisRunner will not be running.
RoslynAnalysisRunner has terminated.
Mono: successfully reloaded assembly
- Completed reload, in  1.261 seconds
Platform modules already initialized, skipping
Refreshing native plugins compatible for Editor in 0.33 ms, found 0 plugins.
Preloading 0 native plugins for Editor in 0.00 ms.
Unloading 1130 Unused Serialized files (Serialized files now loaded: 0)
System memory in use before: 75.4 MB.
System memory in use after: 75.5 MB.

Unloading 5 unused Assets to reduce memory usage. Loaded Objects now: 1755.
Total: 2.991600 ms (FindLiveObjects: 0.216000 ms CreateObjectMapping: 0.042000 ms MarkObjects: 2.633800 ms  DeleteObjects: 0.098000 ms)

========================================================================
Received Import Request.
  Time since last request: 23.278457 seconds.
  path: Assets/Materials/Answers/Answers1/5 1.png
  artifactKey: Guid(428d7db5f8286884cb8b5427abd1946c) Importer(815301076,1909f56bfc062723c751e8b465ee728b)
Start importing Assets/Materials/Answers/Answers1/5 1.png using Guid(428d7db5f8286884cb8b5427abd1946c) Importer(815301076,1909f56bfc062723c751e8b465ee728b)  -> (artifact id: 'a93cb0369b817badaf704b7c2592924d') in 0.056254 seconds
  Import took 0.059219 seconds .

========================================================================
Received Prepare
Registering precompiled user dll's ...
Registered in 0.001560 seconds.
Begin MonoManager ReloadAssembly
Native extension for WindowsStandalone target not found
Refreshing native plugins compatible for Editor in 0.38 ms, found 0 plugins.
Preloading 0 native plugins for Editor in 0.00 ms.
Invoked RoslynAnalysisRunner static constructor.
RoslynAnalysisRunner will not be running.
RoslynAnalysisRunner has terminated.
Mono: successfully reloaded assembly
- Completed reload, in  1.210 seconds
Platform modules already initialized, skipping
Refreshing native plugins compatible for Editor in 0.31 ms, found 0 plugins.
Preloading 0 native plugins for Editor in 0.00 ms.
Unloading 1130 Unused Serialized files (Serialized files now loaded: 0)
System memory in use before: 75.4 MB.
System memory in use after: 75.5 MB.

Unloading 5 unused Assets to reduce memory usage. Loaded Objects now: 1759.
Total: 2.090000 ms (FindLiveObjects: 0.207200 ms CreateObjectMapping: 0.034200 ms MarkObjects: 1.750300 ms  DeleteObjects: 0.097000 ms)

========================================================================
Received Import Request.
  Time since last request: 28.834515 seconds.
  path: Assets/Materials/Answers/Answers1/4.png
  artifactKey: Guid(428d7db5f8286884cb8b5427abd1946c) Importer(815301076,1909f56bfc062723c751e8b465ee728b)
Start importing Assets/Materials/Answers/Answers1/4.png using Guid(428d7db5f8286884cb8b5427abd1946c) Importer(815301076,1909f56bfc062723c751e8b465ee728b)  -> (artifact id: '16a79f8941f2b46be52f11339cf9060d') in 0.060848 seconds
  Import took 0.064074 seconds .

========================================================================
Received Prepare
Registering precompiled user dll's ...
Registered in 0.001925 seconds.
Begin MonoManager ReloadAssembly
Native extension for WindowsStandalone target not found
Refreshing native plugins compatible for Editor in 0.64 ms, found 0 plugins.
Preloading 0 native plugins for Editor in 0.00 ms.
Invoked RoslynAnalysisRunner static constructor.
RoslynAnalysisRunner will not be running.
RoslynAnalysisRunner has terminated.
Mono: successfully reloaded assembly
- Completed reload, in  3.843 seconds
Platform modules already initialized, skipping
Refreshing native plugins compatible for Editor in 1.40 ms, found 0 plugins.
Preloading 0 native plugins for Editor in 0.00 ms.
Unloading 1130 Unused Serialized files (Serialized files now loaded: 0)
System memory in use before: 75.4 MB.
System memory in use after: 75.5 MB.

Unloading 5 unused Assets to reduce memory usage. Loaded Objects now: 1763.
Total: 5.760700 ms (FindLiveObjects: 0.360900 ms CreateObjectMapping: 0.063900 ms MarkObjects: 5.133300 ms  DeleteObjects: 0.199600 ms)

========================================================================
Received Prepare
Registering precompiled user dll's ...
Registered in 0.001005 seconds.
Begin MonoManager ReloadAssembly
Native extension for WindowsStandalone target not found
Refreshing native plugins compatible for Editor in 0.35 ms, found 0 plugins.
Preloading 0 native plugins for Editor in 0.00 ms.
Invoked RoslynAnalysisRunner static constructor.
RoslynAnalysisRunner will not be running.
RoslynAnalysisRunner has terminated.
Mono: successfully reloaded assembly
- Completed reload, in  1.174 seconds
Platform modules already initialized, skipping
Refreshing native plugins compatible for Editor in 0.40 ms, found 0 plugins.
Preloading 0 native plugins for Editor in 0.00 ms.
Unloading 1130 Unused Serialized files (Serialized files now loaded: 0)
System memory in use before: 75.4 MB.
System memory in use after: 75.5 MB.

Unloading 5 unused Assets to reduce memory usage. Loaded Objects now: 1766.
Total: 2.543900 ms (FindLiveObjects: 0.269400 ms CreateObjectMapping: 0.042500 ms MarkObjects: 2.120300 ms  DeleteObjects: 0.108200 ms)

========================================================================
Received Prepare
Registering precompiled user dll's ...
Registered in 0.002118 seconds.
Begin MonoManager ReloadAssembly
Native extension for WindowsStandalone target not found
Refreshing native plugins compatible for Editor in 0.46 ms, found 0 plugins.
Preloading 0 native plugins for Editor in 0.00 ms.
Invoked RoslynAnalysisRunner static constructor.
RoslynAnalysisRunner will not be running.
RoslynAnalysisRunner has terminated.
Mono: successfully reloaded assembly
- Completed reload, in  1.965 seconds
Platform modules already initialized, skipping
Refreshing native plugins compatible for Editor in 0.35 ms, found 0 plugins.
Preloading 0 native plugins for Editor in 0.00 ms.
Unloading 1130 Unused Serialized files (Serialized files now loaded: 0)
System memory in use before: 75.4 MB.
System memory in use after: 75.5 MB.

Unloading 5 unused Assets to reduce memory usage. Loaded Objects now: 1769.
Total: 3.229500 ms (FindLiveObjects: 0.292100 ms CreateObjectMapping: 0.069900 ms MarkObjects: 2.757400 ms  DeleteObjects: 0.107900 ms)

AssetImportWorkerClient::OnTransportError - code=2 error=End of file
